#
# There is insufficient memory for the Java Runtime Environment to continue.
# Native memory allocation (mmap) failed to map 79810560 bytes for committing reserved memory.
# Possible reasons:
#   The system is out of physical RAM or swap space
#   In 32 bit mode, the process size limit was hit
# Possible solutions:
#   Reduce memory load on the system
#   Increase physical memory or swap space
#   Check if swap backing store is full
#   Use 64 bit Java on a 64 bit OS
#   Decrease Java heap size (-Xmx/-Xms)
#   Decrease number of Java threads
#   Decrease Java thread stack sizes (-Xss)
#   Set larger code cache with -XX:ReservedCodeCacheSize=
# This output file may be truncated or incomplete.
#
#  Out of Memory Error (os_linux.cpp:2673), pid=30982, tid=140029496289024
#
# JRE version: Java(TM) SE Runtime Environment (8.0_45-b14) (build 1.8.0_45-b14)
# Java VM: Java HotSpot(TM) 64-Bit Server VM (25.45-b02 mixed mode linux-amd64 compressed oops)
# Failed to write core dump. Core dumps have been disabled. To enable core dumping, try "ulimit -c unlimited" before starting Java again
#

---------------  T H R E A D  ---------------

Current thread (0x00007f5b3806e000):  VMThread [stack: 0x00007f5b28526000,0x00007f5b28627000] [id=30994]

Stack: [0x00007f5b28526000,0x00007f5b28627000],  sp=0x00007f5b286250d0,  free space=1020k
Native frames: (J=compiled Java code, j=interpreted, Vv=VM code, C=native code)
V  [libjvm.so+0xaac99a]  VMError::report_and_die()+0x2ba
V  [libjvm.so+0x4f333b]  report_vm_out_of_memory(char const*, int, unsigned long, VMErrorType, char const*)+0x8b
V  [libjvm.so+0x90e7c3]  os::Linux::commit_memory_impl(char*, unsigned long, bool)+0x103
V  [libjvm.so+0x90ed19]  os::pd_commit_memory(char*, unsigned long, unsigned long, bool)+0x29
V  [libjvm.so+0x90867a]  os::commit_memory(char*, unsigned long, unsigned long, bool)+0x2a
V  [libjvm.so+0xaa8649]  VirtualSpace::expand_by(unsigned long, bool)+0x1c9
V  [libjvm.so+0x5ecb35]  OneContigSpaceCardGeneration::grow_by(unsigned long)+0x25
V  [libjvm.so+0x5eceff]  CardGeneration::expand(unsigned long, unsigned long)+0x6f
V  [libjvm.so+0x5ecfae]  OneContigSpaceCardGeneration::expand(unsigned long, unsigned long)+0x3e
V  [libjvm.so+0x5de114]  GenCollectedHeap::do_collection(bool, bool, unsigned long, bool, int)+0x784
V  [libjvm.so+0x480664]  GenCollectorPolicy::satisfy_failed_allocation(unsigned long, bool)+0x134
V  [libjvm.so+0xaad864]  VM_GenCollectForAllocation::doit()+0x94
V  [libjvm.so+0xab59c5]  VM_Operation::evaluate()+0x55
V  [libjvm.so+0xab3d9a]  VMThread::evaluate_operation(VM_Operation*)+0xba
V  [libjvm.so+0xab411e]  VMThread::loop()+0x1ce
V  [libjvm.so+0xab4590]  VMThread::run()+0x70
V  [libjvm.so+0x910de8]  java_start(Thread*)+0x108

VM_Operation (0x00007f5b3f6f0fd0): GenCollectForAllocation, mode: safepoint, requested by thread 0x00007f5b38009800


---------------  P R O C E S S  ---------------

Java Threads: ( => current thread )
  0x00007f5b380b7000 JavaThread "Service Thread" daemon [_thread_blocked, id=31000, stack(0x00007f5b1bbfc000,0x00007f5b1bcfd000)]
  0x00007f5b380b1800 JavaThread "C1 CompilerThread1" daemon [_thread_blocked, id=30999, stack(0x00007f5b1bcfd000,0x00007f5b1bdfe000)]
  0x00007f5b380af800 JavaThread "C2 CompilerThread0" daemon [_thread_blocked, id=30998, stack(0x00007f5b1bdfe000,0x00007f5b1beff000)]
  0x00007f5b380ae000 JavaThread "Signal Dispatcher" daemon [_thread_blocked, id=30997, stack(0x00007f5b1beff000,0x00007f5b1c000000)]
  0x00007f5b38075800 JavaThread "Finalizer" daemon [_thread_blocked, id=30996, stack(0x00007f5b28324000,0x00007f5b28425000)]
  0x00007f5b38073800 JavaThread "Reference Handler" daemon [_thread_blocked, id=30995, stack(0x00007f5b28425000,0x00007f5b28526000)]
  0x00007f5b38009800 JavaThread "main" [_thread_blocked, id=30993, stack(0x00007f5b3f5f3000,0x00007f5b3f6f4000)]

Other Threads:
=>0x00007f5b3806e000 VMThread [stack: 0x00007f5b28526000,0x00007f5b28627000] [id=30994]
  0x00007f5b380b9800 WatcherThread [stack: 0x00007f5b1bafb000,0x00007f5b1bbfc000] [id=31001]

VM state:at safepoint (normal execution)

VM Mutex/Monitor currently owned by a thread:  ([mutex/lock_event])
[0x00007f5b38006070] Threads_lock - owner thread: 0x00007f5b3806e000
[0x00007f5b38006570] Heap_lock - owner thread: 0x00007f5b38009800

Heap:
 def new generation   total 118784K, used 0K [0x00000000c2200000, 0x00000000ca2e0000, 0x00000000d6c00000)
  eden space 105600K,   0% used [0x00000000c2200000, 0x00000000c2200000, 0x00000000c8920000)
  from space 13184K,   0% used [0x00000000c9600000, 0x00000000c9600000, 0x00000000ca2e0000)
  to   space 13184K,   0% used [0x00000000c8920000, 0x00000000c8920000, 0x00000000c9600000)
 tenured generation   total 265060K, used 205798K [0x00000000d6c00000, 0x00000000e6ed9000, 0x0000000100000000)
   the space 265060K,  77% used [0x00000000d6c00000, 0x00000000e34f9828, 0x00000000e34f9a00, 0x00000000e6ed9000)
 Metaspace       used 54839K, capacity 57206K, committed 58752K, reserved 1101824K
  class space    used 5746K, capacity 6265K, committed 6528K, reserved 1048576K

Card table byte_map: [0x00007f5b3c1d1000,0x00007f5b3c3c1000] byte_map_base: 0x00007f5b3bbc0000

Polling page: 0x00007f5b3f704000

CodeCache: size=245760Kb used=47376Kb max_used=47604Kb free=198384Kb
 bounds [0x00007f5b29000000, 0x00007f5b2bed0000, 0x00007f5b38000000]
 total_blobs=13271 nmethods=12820 adapters=362
 compilation: enabled

Compilation events (10 events):
Event: 173.269 Thread 0x00007f5b380af800 16663       4       java.util.AbstractList::iterator (10 bytes)
Event: 173.297 Thread 0x00007f5b380af800 nmethod 16663 0x00007f5b29eb8a10 code [0x00007f5b29eb8b60, 0x00007f5b29eb8c68]
Event: 173.297 Thread 0x00007f5b380af800 16664 %     4       com.sun.org.apache.xerces.internal.impl.io.UTF8Reader::read @ 113 (1388 bytes)
Event: 173.325 Thread 0x00007f5b380af800 nmethod 16664% 0x00007f5b297d3810 code [0x00007f5b297d3980, 0x00007f5b297d3cf8]
Event: 173.325 Thread 0x00007f5b380af800 16667       4       com.sun.org.apache.bcel.internal.classfile.ConstantPool::getConstant (60 bytes)
Event: 173.345 Thread 0x00007f5b380af800 nmethod 16667 0x00007f5b2a9d69d0 code [0x00007f5b2a9d6b20, 0x00007f5b2a9d6bf8]
Event: 173.345 Thread 0x00007f5b380af800 16665       4       com.sun.org.apache.bcel.internal.generic.InstructionList::append (12 bytes)
Event: 173.364 Thread 0x00007f5b380af800 nmethod 16665 0x00007f5b2a2e2090 code [0x00007f5b2a2e2200, 0x00007f5b2a2e2518]
Event: 173.364 Thread 0x00007f5b380af800 16666       4       com.sun.org.apache.bcel.internal.generic.Type::getSize (46 bytes)
Event: 173.366 Thread 0x00007f5b380af800 nmethod 16666 0x00007f5b292bd510 code [0x00007f5b292bd660, 0x00007f5b292bd6f8]

GC Heap History (10 events):
Event: 166.554 GC heap after
Heap after GC invocations=309 (full 10):
 def new generation   total 118784K, used 0K [0x00000000c2200000, 0x00000000ca2e0000, 0x00000000d6c00000)
  eden space 105600K,   0% used [0x00000000c2200000, 0x00000000c2200000, 0x00000000c8920000)
  from space 13184K,   0% used [0x00000000c8920000, 0x00000000c8920000, 0x00000000c9600000)
  to   space 13184K,   0% used [0x00000000c9600000, 0x00000000c9600000, 0x00000000ca2e0000)
 tenured generation   total 263908K, used 158344K [0x00000000d6c00000, 0x00000000e6db9000, 0x0000000100000000)
   the space 263908K,  59% used [0x00000000d6c00000, 0x00000000e06a2250, 0x00000000e06a2400, 0x00000000e6db9000)
 Metaspace       used 54824K, capacity 57192K, committed 58752K, reserved 1101824K
  class space    used 5744K, capacity 6263K, committed 6528K, reserved 1048576K
}
Event: 167.750 GC heap before
{Heap before GC invocations=309 (full 10):
 def new generation   total 118784K, used 105596K [0x00000000c2200000, 0x00000000ca2e0000, 0x00000000d6c00000)
  eden space 105600K,  99% used [0x00000000c2200000, 0x00000000c891f2e0, 0x00000000c8920000)
  from space 13184K,   0% used [0x00000000c8920000, 0x00000000c8920000, 0x00000000c9600000)
  to   space 13184K,   0% used [0x00000000c9600000, 0x00000000c9600000, 0x00000000ca2e0000)
 tenured generation   total 263908K, used 158344K [0x00000000d6c00000, 0x00000000e6db9000, 0x0000000100000000)
   the space 263908K,  59% used [0x00000000d6c00000, 0x00000000e06a2250, 0x00000000e06a2400, 0x00000000e6db9000)
 Metaspace       used 54824K, capacity 57192K, committed 58752K, reserved 1101824K
  class space    used 5744K, capacity 6263K, committed 6528K, reserved 1048576K
Event: 167.824 GC heap after
Heap after GC invocations=310 (full 10):
 def new generation   total 118784K, used 13184K [0x00000000c2200000, 0x00000000ca2e0000, 0x00000000d6c00000)
  eden space 105600K,   0% used [0x00000000c2200000, 0x00000000c2200000, 0x00000000c8920000)
  from space 13184K, 100% used [0x00000000c9600000, 0x00000000ca2e0000, 0x00000000ca2e0000)
  to   space 13184K,   0% used [0x00000000c8920000, 0x00000000c8920000, 0x00000000c9600000)
 tenured generation   total 263908K, used 167738K [0x00000000d6c00000, 0x00000000e6db9000, 0x0000000100000000)
   the space 263908K,  63% used [0x00000000d6c00000, 0x00000000e0fcea58, 0x00000000e0fcec00, 0x00000000e6db9000)
 Metaspace       used 54824K, capacity 57192K, committed 58752K, reserved 1101824K
  class space    used 5744K, capacity 6263K, committed 6528K, reserved 1048576K
}
Event: 168.930 GC heap before
{Heap before GC invocations=310 (full 10):
 def new generation   total 118784K, used 118784K [0x00000000c2200000, 0x00000000ca2e0000, 0x00000000d6c00000)
  eden space 105600K, 100% used [0x00000000c2200000, 0x00000000c8920000, 0x00000000c8920000)
  from space 13184K, 100% used [0x00000000c9600000, 0x00000000ca2e0000, 0x00000000ca2e0000)
  to   space 13184K,   0% used [0x00000000c8920000, 0x00000000c8920000, 0x00000000c9600000)
 tenured generation   total 263908K, used 167738K [0x00000000d6c00000, 0x00000000e6db9000, 0x0000000100000000)
   the space 263908K,  63% used [0x00000000d6c00000, 0x00000000e0fcea58, 0x00000000e0fcec00, 0x00000000e6db9000)
 Metaspace       used 54824K, capacity 57192K, committed 58752K, reserved 1101824K
  class space    used 5744K, capacity 6263K, committed 6528K, reserved 1048576K
Event: 169.038 GC heap after
Heap after GC invocations=311 (full 10):
 def new generation   total 118784K, used 13184K [0x00000000c2200000, 0x00000000ca2e0000, 0x00000000d6c00000)
  eden space 105600K,   0% used [0x00000000c2200000, 0x00000000c2200000, 0x00000000c8920000)
  from space 13184K, 100% used [0x00000000c8920000, 0x00000000c9600000, 0x00000000c9600000)
  to   space 13184K,   0% used [0x00000000c9600000, 0x00000000c9600000, 0x00000000ca2e0000)
 tenured generation   total 263908K, used 189806K [0x00000000d6c00000, 0x00000000e6db9000, 0x0000000100000000)
   the space 263908K,  71% used [0x00000000d6c00000, 0x00000000e255b9a0, 0x00000000e255ba00, 0x00000000e6db9000)
 Metaspace       used 54824K, capacity 57192K, committed 58752K, reserved 1101824K
  class space    used 5744K, capacity 6263K, committed 6528K, reserved 1048576K
}
Event: 170.238 GC heap before
{Heap before GC invocations=311 (full 10):
 def new generation   total 118784K, used 118784K [0x00000000c2200000, 0x00000000ca2e0000, 0x00000000d6c00000)
  eden space 105600K, 100% used [0x00000000c2200000, 0x00000000c8920000, 0x00000000c8920000)
  from space 13184K, 100% used [0x00000000c8920000, 0x00000000c9600000, 0x00000000c9600000)
  to   space 13184K,   0% used [0x00000000c9600000, 0x00000000c9600000, 0x00000000ca2e0000)
 tenured generation   total 263908K, used 189806K [0x00000000d6c00000, 0x00000000e6db9000, 0x0000000100000000)
   the space 263908K,  71% used [0x00000000d6c00000, 0x00000000e255b9a0, 0x00000000e255ba00, 0x00000000e6db9000)
 Metaspace       used 54828K, capacity 57192K, committed 58752K, reserved 1101824K
  class space    used 5745K, capacity 6263K, committed 6528K, reserved 1048576K
Event: 170.316 GC heap after
Heap after GC invocations=312 (full 10):
 def new generation   total 118784K, used 13184K [0x00000000c2200000, 0x00000000ca2e0000, 0x00000000d6c00000)
  eden space 105600K,   0% used [0x00000000c2200000, 0x00000000c2200000, 0x00000000c8920000)
  from space 13184K, 100% used [0x00000000c9600000, 0x00000000ca2e0000, 0x00000000ca2e0000)
  to   space 13184K,   0% used [0x00000000c8920000, 0x00000000c8920000, 0x00000000c9600000)
 tenured generation   total 263908K, used 215799K [0x00000000d6c00000, 0x00000000e6db9000, 0x0000000100000000)
   the space 263908K,  81% used [0x00000000d6c00000, 0x00000000e3ebde30, 0x00000000e3ebe000, 0x00000000e6db9000)
 Metaspace       used 54828K, capacity 57192K, committed 58752K, reserved 1101824K
  class space    used 5745K, capacity 6263K, committed 6528K, reserved 1048576K
}
Event: 171.648 GC heap before
{Heap before GC invocations=312 (full 10):
 def new generation   total 118784K, used 118784K [0x00000000c2200000, 0x00000000ca2e0000, 0x00000000d6c00000)
  eden space 105600K, 100% used [0x00000000c2200000, 0x00000000c8920000, 0x00000000c8920000)
  from space 13184K, 100% used [0x00000000c9600000, 0x00000000ca2e0000, 0x00000000ca2e0000)
  to   space 13184K,   0% used [0x00000000c8920000, 0x00000000c8920000, 0x00000000c9600000)
 tenured generation   total 263908K, used 215799K [0x00000000d6c00000, 0x00000000e6db9000, 0x0000000100000000)
   the space 263908K,  81% used [0x00000000d6c00000, 0x00000000e3ebde30, 0x00000000e3ebe000, 0x00000000e6db9000)
 Metaspace       used 54828K, capacity 57192K, committed 58752K, reserved 1101824K
  class space    used 5745K, capacity 6263K, committed 6528K, reserved 1048576K
Event: 171.765 GC heap after
Heap after GC invocations=313 (full 10):
 def new generation   total 118784K, used 13183K [0x00000000c2200000, 0x00000000ca2e0000, 0x00000000d6c00000)
  eden space 105600K,   0% used [0x00000000c2200000, 0x00000000c2200000, 0x00000000c8920000)
  from space 13184K,  99% used [0x00000000c8920000, 0x00000000c95ffff8, 0x00000000c9600000)
  to   space 13184K,   0% used [0x00000000c9600000, 0x00000000c9600000, 0x00000000ca2e0000)
 tenured generation   total 263908K, used 240600K [0x00000000d6c00000, 0x00000000e6db9000, 0x0000000100000000)
   the space 263908K,  91% used [0x00000000d6c00000, 0x00000000e56f6298, 0x00000000e56f6400, 0x00000000e6db9000)
 Metaspace       used 54828K, capacity 57192K, committed 58752K, reserved 1101824K
  class space    used 5745K, capacity 6263K, committed 6528K, reserved 1048576K
}
Event: 173.380 GC heap before
{Heap before GC invocations=313 (full 10):
 def new generation   total 118784K, used 118783K [0x00000000c2200000, 0x00000000ca2e0000, 0x00000000d6c00000)
  eden space 105600K, 100% used [0x00000000c2200000, 0x00000000c8920000, 0x00000000c8920000)
  from space 13184K,  99% used [0x00000000c8920000, 0x00000000c95ffff8, 0x00000000c9600000)
  to   space 13184K,   0% used [0x00000000c9600000, 0x00000000c9600000, 0x00000000ca2e0000)
 tenured generation   total 263908K, used 240600K [0x00000000d6c00000, 0x00000000e6db9000, 0x0000000100000000)
   the space 263908K,  91% used [0x00000000d6c00000, 0x00000000e56f6298, 0x00000000e56f6400, 0x00000000e6db9000)
 Metaspace       used 54839K, capacity 57206K, committed 58752K, reserved 1101824K
  class space    used 5746K, capacity 6265K, committed 6528K, reserved 1048576K

Deoptimization events (10 events):
Event: 163.260 Thread 0x00007f5b38009800 Uncommon trap: reason=null_check action=make_not_entrant pc=0x00007f5b291e3c28 method=aQute.bnd.osgi.Analyzer.learnPackage(LaQute/bnd/osgi/Jar;LaQute/bnd/osgi/Descriptors$PackageRef;LaQute/bnd/osgi/Packages;)V @ 35
Event: 163.648 Thread 0x00007f5b38009800 Uncommon trap: reason=bimorphic action=maybe_recompile pc=0x00007f5b2beb4bd0 method=java.io.FilterInputStream.close()V @ 4
Event: 163.648 Thread 0x00007f5b38009800 Uncommon trap: reason=bimorphic action=maybe_recompile pc=0x00007f5b2beb4bd0 method=java.io.FilterInputStream.close()V @ 4
Event: 168.266 Thread 0x00007f5b38009800 Uncommon trap: reason=class_check action=maybe_recompile pc=0x00007f5b2beb7f60 method=aQute.bnd.osgi.ClassDataCollector.classStart(LaQute/bnd/osgi/Clazz;)Z @ 9
Event: 168.271 Thread 0x00007f5b38009800 Uncommon trap: reason=class_check action=maybe_recompile pc=0x00007f5b2beb7f60 method=aQute.bnd.osgi.ClassDataCollector.classStart(LaQute/bnd/osgi/Clazz;)Z @ 9
Event: 168.272 Thread 0x00007f5b38009800 Uncommon trap: reason=unstable_if action=reinterpret pc=0x00007f5b2963c278 method=aQute.bnd.component.AnnotationReader.method(LaQute/bnd/osgi/Clazz$MethodDef;)V @ 9
Event: 168.278 Thread 0x00007f5b38009800 Uncommon trap: reason=bimorphic action=maybe_recompile pc=0x00007f5b2beb4bd0 method=java.io.FilterInputStream.close()V @ 4
Event: 168.279 Thread 0x00007f5b38009800 Uncommon trap: reason=class_check action=maybe_recompile pc=0x00007f5b2beb7f60 method=aQute.bnd.osgi.ClassDataCollector.classStart(LaQute/bnd/osgi/Clazz;)Z @ 9
Event: 168.279 Thread 0x00007f5b38009800 Uncommon trap: reason=bimorphic action=maybe_recompile pc=0x00007f5b2beb4bd0 method=java.io.FilterInputStream.close()V @ 4
Event: 168.311 Thread 0x00007f5b38009800 Uncommon trap: reason=class_check action=maybe_recompile pc=0x00007f5b2beb7f60 method=aQute.bnd.osgi.ClassDataCollector.classStart(LaQute/bnd/osgi/Clazz;)Z @ 9

Internal exceptions (10 events):
Event: 155.647 Thread 0x00007f5b38009800 Exception <a 'java/lang/NullPointerException'> (0x00000000c357ae18) thrown at [/RE-WORK/workspace/8-2-build-linux-amd64/jdk8u45/3457/hotspot/src/share/vm/runtime/sharedRuntime.cpp, line 605]
Event: 155.647 Thread 0x00007f5b38009800 Implicit null exception at 0x00007f5b295f6d8e to 0x00007f5b295f7575
Event: 155.647 Thread 0x00007f5b38009800 Exception <a 'java/lang/NullPointerException'> (0x00000000c357b038) thrown at [/RE-WORK/workspace/8-2-build-linux-amd64/jdk8u45/3457/hotspot/src/share/vm/runtime/sharedRuntime.cpp, line 605]
Event: 157.706 Thread 0x00007f5b38009800 Exception <a 'java/io/FileNotFoundException'> (0x00000000c3f94350) thrown at [/RE-WORK/workspace/8-2-build-linux-amd64/jdk8u45/3457/hotspot/src/share/vm/prims/jni.cpp, line 709]
Event: 157.706 Thread 0x00007f5b38009800 Exception <a 'java/io/FileNotFoundException'> (0x00000000c3f95188) thrown at [/RE-WORK/workspace/8-2-build-linux-amd64/jdk8u45/3457/hotspot/src/share/vm/prims/jni.cpp, line 709]
Event: 158.076 Thread 0x00007f5b38009800 Implicit null exception at 0x00007f5b2be7b6cb to 0x00007f5b2be7c1f5
Event: 158.076 Thread 0x00007f5b38009800 Exception <a 'java/io/FileNotFoundException'> (0x00000000c2f13478) thrown at [/RE-WORK/workspace/8-2-build-linux-amd64/jdk8u45/3457/hotspot/src/share/vm/prims/jni.cpp, line 709]
Event: 158.076 Thread 0x00007f5b38009800 Exception <a 'java/io/FileNotFoundException'> (0x00000000c2f142b0) thrown at [/RE-WORK/workspace/8-2-build-linux-amd64/jdk8u45/3457/hotspot/src/share/vm/prims/jni.cpp, line 709]
Event: 158.174 Thread 0x00007f5b38009800 Exception <a 'java/lang/NoSuchMethodError': org.apache.maven.execution.MavenExecutionRequest.getFailureBehavior()Ljava/lang/String;> (0x00000000c3cc6540) thrown at [/RE-WORK/workspace/8-2-build-linux-amd64/jdk8u45/3457/hotspot/src/share/vm/interpreter/lin
Event: 163.260 Thread 0x00007f5b38009800 Implicit null exception at 0x00007f5b291e2fa6 to 0x00007f5b291e3c19

Events (10 events):
Event: 173.257 loading class javax/annotation/Nullable done
Event: 173.257 loading class javax/annotation/Nullable
Event: 173.257 loading class javax/annotation/Nullable done
Event: 173.257 loading class javax/annotation/Nullable
Event: 173.257 loading class javax/annotation/Nullable done
Event: 173.257 loading class javax/annotation/Nullable
Event: 173.257 loading class javax/annotation/Nullable done
Event: 173.257 loading class javax/annotation/Nullable
Event: 173.257 loading class javax/annotation/Nullable done
Event: 173.376 Executing VM operation: GenCollectForAllocation


Dynamic libraries:
00400000-00401000 r-xp 00000000 08:01 58600                              /usr/lib/jvm/java-8-oracle/bin/java
00600000-00601000 rw-p 00000000 08:01 58600                              /usr/lib/jvm/java-8-oracle/bin/java
011ac000-011cd000 rw-p 00000000 00:00 0                                  [heap]
c2200000-ca2e0000 rw-p 00000000 00:00 0 
ca2e0000-d6c00000 ---p 00000000 00:00 0 
d6c00000-e6ed9000 rw-p 00000000 00:00 0 
ebaf6000-100000000 ---p 00000000 00:00 0 
100000000-100660000 rw-p 00000000 00:00 0 
100660000-140000000 ---p 00000000 00:00 0 
7f5b04000000-7f5b04021000 rw-p 00000000 00:00 0 
7f5b04021000-7f5b08000000 ---p 00000000 00:00 0 
7f5b0c000000-7f5b0ebe0000 rw-p 00000000 00:00 0 
7f5b0ebe0000-7f5b10000000 ---p 00000000 00:00 0 
7f5b10000000-7f5b1186e000 rw-p 00000000 00:00 0 
7f5b1186e000-7f5b14000000 ---p 00000000 00:00 0 
7f5b14000000-7f5b14021000 rw-p 00000000 00:00 0 
7f5b14021000-7f5b18000000 ---p 00000000 00:00 0 
7f5b183a3000-7f5b1853e000 r--s 00f9a000 08:01 239653                     /home/mininet/.m2/repository/org/onosproject/openflowj/0.9.2.onos/openflowj-0.9.2.onos.jar
7f5b1853e000-7f5b1863e000 rw-p 00000000 00:00 0 
7f5b1863e000-7f5b1873e000 ---p 00000000 00:00 0 
7f5b1873e000-7f5b1893e000 rw-p 00000000 00:00 0 
7f5b1893e000-7f5b18942000 r--s 00032000 08:01 423816                     /home/mininet/.m2/repository/com/typesafe/config/1.2.1/config-1.2.1.jar
7f5b18942000-7f5b18947000 r--s 00032000 08:01 202416                     /home/mininet/.m2/repository/org/onosproject/copycat-core/0.5.1.onos/copycat-core-0.5.1.onos.jar
7f5b18947000-7f5b18949000 r--s 00001000 08:01 304227                     /home/mininet/.m2/repository/org/onosproject/copycat-leader-election/0.5.1.onos/copycat-leader-election-0.5.1.onos.jar
7f5b18949000-7f5b1894a000 r--s 00004000 08:01 304226                     /home/mininet/.m2/repository/org/onosproject/copycat-state-machine/0.5.1.onos/copycat-state-machine-0.5.1.onos.jar
7f5b1894a000-7f5b1894d000 r--s 0000f000 08:01 202414                     /home/mininet/.m2/repository/org/onosproject/copycat-collections/0.5.1.onos/copycat-collections-0.5.1.onos.jar
7f5b1894d000-7f5b1894e000 r--s 00005000 08:01 202410                     /home/mininet/.m2/repository/org/onosproject/copycat-state-log/0.5.1.onos/copycat-state-log-0.5.1.onos.jar
7f5b1894e000-7f5b1894f000 r--s 00003000 08:01 202409                     /home/mininet/.m2/repository/org/onosproject/copycat-event-log/0.5.1.onos/copycat-event-log-0.5.1.onos.jar
7f5b1894f000-7f5b18950000 r--s 00002000 08:01 202408                     /home/mininet/.m2/repository/org/onosproject/copycat-api/0.5.1.onos/copycat-api-0.5.1.onos.jar
7f5b18950000-7f5b18952000 r--s 00009000 08:01 429805                     /home/mininet/.m2/repository/io/atomix/atomix-coordination/1.0.0-rc2/atomix-coordination-1.0.0-rc2.jar
7f5b18952000-7f5b18954000 r--s 0000a000 08:01 429799                     /home/mininet/.m2/repository/io/atomix/atomix-messaging/1.0.0-rc2/atomix-messaging-1.0.0-rc2.jar
7f5b18954000-7f5b18958000 r--s 00012000 08:01 429798                     /home/mininet/.m2/repository/io/atomix/atomix-collections/1.0.0-rc2/atomix-collections-1.0.0-rc2.jar
7f5b18958000-7f5b1895a000 r--s 00005000 08:01 429797                     /home/mininet/.m2/repository/io/atomix/atomix-variables/1.0.0-rc2/atomix-variables-1.0.0-rc2.jar
7f5b1895a000-7f5b1895f000 r--s 00045000 08:01 429796                     /home/mininet/.m2/repository/io/atomix/copycat/copycat-server/1.0.0-rc2/copycat-server-1.0.0-rc2.jar
7f5b1895f000-7f5b18963000 r--s 00010000 08:01 429795                     /home/mininet/.m2/repository/io/atomix/copycat/copycat-protocol/1.0.0-rc2/copycat-protocol-1.0.0-rc2.jar
7f5b18963000-7f5b18965000 r--s 0000f000 08:01 429790                     /home/mininet/.m2/repository/io/atomix/copycat/copycat-client/1.0.0-rc2/copycat-client-1.0.0-rc2.jar
7f5b18965000-7f5b18966000 r--s 00005000 08:01 429789                     /home/mininet/.m2/repository/io/atomix/atomix-resource/1.0.0-rc2/atomix-resource-1.0.0-rc2.jar
7f5b18966000-7f5b18969000 r--s 00012000 08:01 429788                     /home/mininet/.m2/repository/io/atomix/catalyst/catalyst-buffer/1.0.1/catalyst-buffer-1.0.1.jar
7f5b18969000-7f5b1896c000 r--s 00011000 08:01 429787                     /home/mininet/.m2/repository/io/atomix/catalyst/catalyst-serializer/1.0.1/catalyst-serializer-1.0.1.jar
7f5b1896c000-7f5b1896e000 r--s 00004000 08:01 429780                     /home/mininet/.m2/repository/io/atomix/catalyst/catalyst-common/1.0.1/catalyst-common-1.0.1.jar
7f5b1896e000-7f5b1896f000 r--s 00001000 08:01 429779                     /home/mininet/.m2/repository/io/atomix/catalyst/catalyst-transport/1.0.1/catalyst-transport-1.0.1.jar
7f5b1896f000-7f5b18970000 r--s 00003000 08:01 429781                     /home/mininet/.m2/repository/io/atomix/catalyst/catalyst-local/1.0.1/catalyst-local-1.0.1.jar
7f5b18970000-7f5b18972000 r--s 0000c000 08:01 429778                     /home/mininet/.m2/repository/io/atomix/atomix-resource-manager/1.0.0-rc2/atomix-resource-manager-1.0.0-rc2.jar
7f5b18972000-7f5b18974000 r--s 00008000 08:01 429777                     /home/mininet/.m2/repository/io/atomix/atomix/1.0.0-rc2/atomix-1.0.0-rc2.jar
7f5b18974000-7f5b18978000 r--s 00019000 08:01 423814                     /home/mininet/.m2/repository/com/googlecode/concurrent-trees/concurrent-trees/2.4.0/concurrent-trees-2.4.0.jar
7f5b18978000-7f5b1899d000 r--s 001a9000 08:01 202449                     /home/mininet/.m2/repository/org/onosproject/onlab-thirdparty/1.5.0/onlab-thirdparty-1.5.0.jar
7f5b1899d000-7f5b18b9d000 rw-p 00000000 00:00 0 
7f5b18ba3000-7f5b18ba9000 r--s 0003f000 08:01 304316                     /home/mininet/.m2/repository/ch/qos/logback/logback-classic/1.1.3/logback-classic-1.1.3.jar
7f5b18ba9000-7f5b18da9000 rw-p 00000000 00:00 0 
7f5b18da9000-7f5b18dab000 r--s 00003000 08:01 423478                     /home/mininet/.m2/repository/com/google/code/findbugs/jsr305/3.0.1/jsr305-3.0.1.jar
7f5b18dab000-7f5b18dad000 r--s 00007000 08:01 304085                     /home/mininet/.m2/repository/org/slf4j/slf4j-api/1.7.13/slf4j-api-1.7.13.jar
7f5b18dad000-7f5b18dbd000 r--s 000ac000 08:01 183636                     /home/mininet/.m2/repository/org/osgi/org.osgi.compendium/4.3.1/org.osgi.compendium-4.3.1.jar
7f5b18dc0000-7f5b18dcb000 r--s 00065000 08:01 304317                     /home/mininet/.m2/repository/ch/qos/logback/logback-core/1.1.3/logback-core-1.1.3.jar
7f5b18dcb000-7f5b18fcb000 rw-p 00000000 00:00 0 
7f5b18fcd000-7f5b18fd1000 r--s 0000f000 08:01 426121                     /home/mininet/.m2/repository/com/google/code/findbugs/annotations/3.0.0/annotations-3.0.0.jar
7f5b18fe1000-7f5b18fe3000 r--s 00002000 08:01 202385                     /home/mininet/.m2/repository/org/onosproject/onlab-rest/1.5.0/onlab-rest-1.5.0.jar
7f5b18fe3000-7f5b18fe5000 r--s 00000000 08:01 304216                     /home/mininet/.m2/repository/org/onosproject/onlab-osgi/1.5.0/onlab-osgi-1.5.0.jar
7f5b18fe5000-7f5b18ff5000 r--s 00089000 08:01 202789                     /home/mininet/.m2/repository/joda-time/joda-time/2.9/joda-time-2.9.jar
7f5b18ff5000-7f5b18ff7000 r--s 0000b000 08:01 423246                     /home/mininet/.m2/repository/org/objenesis/objenesis/2.2/objenesis-2.2.jar
7f5b18ffe000-7f5b18fff000 r--s 00002000 08:01 422960                     /home/mininet/.m2/repository/org/codehaus/plexus/plexus-digest/1.0/plexus-digest-1.0.jar
7f5b18fff000-7f5b19000000 r--s 00005000 08:01 59306                      /home/mininet/.m2/repository/org/apache/maven/plugins/maven-install-plugin/2.3/maven-install-plugin-2.3.jar
7f5b19000000-7f5b19005000 r--s 002f8000 08:01 58536                      /usr/lib/jvm/java-8-oracle/jre/lib/charsets.jar
7f5b19005000-7f5b1900a000 r--s 0002e000 08:01 216415                     /home/optical/onos/core/common/target/onos-core-common-1.5.0.jar
7f5b1900a000-7f5b1900b000 r--s 00003000 08:01 183719                     /home/mininet/.m2/repository/io/dropwizard/metrics/metrics-json/3.1.0/metrics-json-3.1.0.jar
7f5b1900b000-7f5b1900f000 r--s 00018000 08:01 183717                     /home/mininet/.m2/repository/io/dropwizard/metrics/metrics-core/3.1.0/metrics-core-3.1.0.jar
7f5b1900f000-7f5b19011000 r--s 00006000 08:01 60760                      /home/mininet/.m2/repository/com/eclipsesource/minimal-json/minimal-json/0.9.4/minimal-json-0.9.4.jar
7f5b19011000-7f5b1902a000 r--s 0012c000 08:01 423927                     /home/mininet/.m2/repository/io/netty/netty/3.10.5.Final/netty-3.10.5.Final.jar
7f5b1902a000-7f5b1902f000 r--s 00045000 08:01 304143                     /home/mininet/.m2/repository/org/onosproject/onlab-misc/1.5.0/onlab-misc-1.5.0.jar
7f5b1902f000-7f5b19034000 r--s 00013000 08:01 203413                     /home/optical/onos/incubator/api/target/onos-incubator-api-1.5.0.jar
7f5b19034000-7f5b19035000 r--s 00001000 08:01 59740                      /home/mininet/.m2/repository/com/esotericsoftware/minlog/1.3.0/minlog-1.3.0.jar
7f5b19035000-7f5b19036000 r--s 0000b000 08:01 305586                     /home/mininet/.m2/repository/org/ow2/asm/asm/4.2/asm-4.2.jar
7f5b19036000-7f5b19038000 r--s 00004000 08:01 304139                     /home/mininet/.m2/repository/com/esotericsoftware/reflectasm/1.11.0/reflectasm-1.11.0.jar
7f5b19038000-7f5b1903e000 r--s 0003f000 08:01 59738                      /home/mininet/.m2/repository/com/esotericsoftware/kryo/3.0.0/kryo-3.0.0.jar
7f5b1903e000-7f5b19040000 r--s 00009000 08:01 204097                     /home/optical/onos/core/store/serializers/target/onos-core-serializers-1.5.0.jar
7f5b1905d000-7f5b1905e000 rw-p 00000000 00:00 0 
7f5b1905e000-7f5b19077000 r--s 000bd000 08:01 218756                     /home/optical/onos/core/api/target/onos-api-1.5.0.jar
7f5b19077000-7f5b19277000 rw-p 00000000 00:00 0 
7f5b19277000-7f5b1927a000 r--s 00023000 08:01 59701                      /home/mininet/.m2/repository/org/apache/maven/shared/maven-shared-utils/0.4/maven-shared-utils-0.4.jar
7f5b1927a000-7f5b19280000 r--s 00033000 08:01 305553                     /home/mininet/.m2/repository/commons-codec/commons-codec/1.6/commons-codec-1.6.jar
7f5b19280000-7f5b19282000 r--s 00007000 08:01 59602                      /home/mininet/.m2/repository/org/apache/maven/plugins/maven-install-plugin/2.5.2/maven-install-plugin-2.5.2.jar
7f5b19282000-7f5b19482000 rw-p 00000000 00:00 0 
7f5b19482000-7f5b19682000 rw-p 00000000 00:00 0 
7f5b19682000-7f5b19690000 r--s 0007f000 08:01 305412                     /home/mininet/.m2/repository/commons-collections/commons-collections/3.2.1/commons-collections-3.2.1.jar
7f5b19690000-7f5b196bb000 r--s 001fc000 08:01 422968                     /home/mininet/.m2/repository/com/google/guava/guava/18.0/guava-18.0.jar
7f5b196bb000-7f5b196c0000 r--s 00035000 08:01 60786                      /home/mininet/.m2/repository/commons-beanutils/commons-beanutils/1.9.2/commons-beanutils-1.9.2.jar
7f5b196c0000-7f5b196c6000 r--s 00044000 08:01 426355                     /home/mininet/.m2/repository/org/antlr/antlr4-runtime/4.5.1-1/antlr4-runtime-4.5.1-1.jar
7f5b196c6000-7f5b196cb000 r--s 00068000 08:01 305378                     /home/mininet/.m2/repository/antlr/antlr/2.7.7/antlr-2.7.7.jar
7f5b196cb000-7f5b196df000 r--s 000f8000 08:01 60784                      /home/mininet/.m2/repository/com/puppycrawl/tools/checkstyle/6.11.2/checkstyle-6.11.2.jar
7f5b196df000-7f5b196e0000 r--s 00001000 08:01 59586                      /home/mininet/.m2/repository/org/codehaus/plexus/plexus-velocity/1.1.8/plexus-velocity-1.1.8.jar
7f5b196e0000-7f5b196e3000 r--s 0000d000 08:01 424636                     /home/mininet/.m2/repository/org/codehaus/plexus/plexus-interpolation/1.21/plexus-interpolation-1.21.jar
7f5b196e3000-7f5b196e5000 r--s 00004000 08:01 426349                     /home/mininet/.m2/repository/org/codehaus/plexus/plexus-resources/1.0.1/plexus-resources-1.0.1.jar
7f5b196e5000-7f5b196e8000 r--s 00018000 08:01 59584                      /home/mininet/.m2/repository/commons-io/commons-io/1.4/commons-io-1.4.jar
7f5b196e8000-7f5b196e9000 r--s 0000a000 08:01 422947                     /home/mininet/.m2/repository/org/apache/maven/doxia/doxia-integration-tools/1.6/doxia-integration-tools-1.6.jar
7f5b196e9000-7f5b196ec000 r--s 0001b000 08:01 305409                     /home/mininet/.m2/repository/org/apache/struts/struts-tiles/1.3.8/struts-tiles-1.3.8.jar
7f5b196ec000-7f5b196f1000 r--s 00039000 08:01 305407                     /home/mininet/.m2/repository/org/apache/struts/struts-taglib/1.3.8/struts-taglib-1.3.8.jar
7f5b196f1000-7f5b196f7000 r--s 0004b000 08:01 422944                     /home/mininet/.m2/repository/org/apache/struts/struts-core/1.3.8/struts-core-1.3.8.jar
7f5b196f7000-7f5b196f9000 r--s 00005000 08:01 305405                     /home/mininet/.m2/repository/sslext/sslext/1.2-0/sslext-1.2-0.jar
7f5b196f9000-7f5b19701000 r--s 00068000 08:01 305404                     /home/mininet/.m2/repository/dom4j/dom4j/1.1/dom4j-1.1.jar
7f5b19701000-7f5b19703000 r--s 00014000 08:01 59582                      /home/mininet/.m2/repository/commons-chain/commons-chain/1.1/commons-chain-1.1.jar
7f5b19703000-7f5b19709000 r--s 0004f000 08:01 422943                     /home/mininet/.m2/repository/org/apache/velocity/velocity-tools/2.0/velocity-tools-2.0.jar
7f5b19709000-7f5b1970b000 r--s 00008000 08:01 305402                     /home/mininet/.m2/repository/org/apache/maven/doxia/doxia-module-fml/1.4/doxia-module-fml-1.4.jar
7f5b1970b000-7f5b1970c000 r--s 00003000 08:01 59580                      /home/mininet/.m2/repository/org/apache/maven/doxia/doxia-module-xhtml/1.4/doxia-module-xhtml-1.4.jar
7f5b1970c000-7f5b1970e000 r--s 0000b000 08:01 59577                      /home/mininet/.m2/repository/org/apache/maven/doxia/doxia-site-renderer/1.4/doxia-site-renderer-1.4.jar
7f5b1970e000-7f5b1970f000 r--s 0000e000 08:01 422941                     /home/mininet/.m2/repository/org/apache/maven/doxia/doxia-decoration-model/1.4/doxia-decoration-model-1.4.jar
7f5b1970f000-7f5b19712000 r--s 0001f000 08:01 59576                      /home/mininet/.m2/repository/commons-validator/commons-validator/1.3.1/commons-validator-1.3.1.jar
7f5b19712000-7f5b19912000 rw-p 00000000 00:00 0 
7f5b19912000-7f5b19b12000 rw-p 00000000 00:00 0 
7f5b19b12000-7f5b19d12000 rw-p 00000000 00:00 0 
7f5b19d12000-7f5b19d14000 r--s 00002000 08:01 305511                     /home/mininet/.m2/repository/org/apache/maven/plugin-tools/maven-plugin-annotations/3.3/maven-plugin-annotations-3.3.jar
7f5b19d14000-7f5b19d19000 r--s 0002b000 08:01 428447                     /home/mininet/.m2/repository/org/apache/maven/surefire/surefire-api/2.19.1/surefire-api-2.19.1.jar
7f5b19d19000-7f5b19d1f000 r--s 00048000 08:01 423032                     /home/mininet/.m2/repository/org/apache/commons/commons-lang3/3.1/commons-lang3-3.1.jar
7f5b19d1f000-7f5b19d20000 r--s 00002000 08:01 422935                     /home/mininet/.m2/repository/org/apache/maven/reporting/maven-reporting-api/3.0/maven-reporting-api-3.0.jar
7f5b19d20000-7f5b19d28000 r--s 00045000 08:01 423248                     /home/mininet/.m2/repository/junit/junit/4.12/junit-4.12.jar
7f5b19d28000-7f5b19d2a000 r--s 0000a000 08:01 428445                     /home/mininet/.m2/repository/org/apache/maven/surefire/surefire-booter/2.19.1/surefire-booter-2.19.1.jar
7f5b19d2a000-7f5b19d30000 r--s 00042000 08:01 428442                     /home/mininet/.m2/repository/org/apache/maven/surefire/maven-surefire-common/2.19.1/maven-surefire-common-2.19.1.jar
7f5b19d30000-7f5b19d31000 r--s 00009000 08:01 428424                     /home/mininet/.m2/repository/org/apache/maven/plugins/maven-surefire-plugin/2.19.1/maven-surefire-plugin-2.19.1.jar
7f5b19d31000-7f5b19f31000 rw-p 00000000 00:00 0 
7f5b19f31000-7f5b19f32000 r--s 00002000 08:01 305399                     /home/mininet/.m2/repository/org/apache/maven/doxia/doxia-logging-api/1.4/doxia-logging-api-1.4.jar
7f5b19f32000-7f5b19f33000 r--s 00002000 08:01 305398                     /home/mininet/.m2/repository/org/apache/maven/doxia/doxia-sink-api/1.4/doxia-sink-api-1.4.jar
7f5b19f33000-7f5b19f35000 r--s 0000a000 08:01 305396                     /home/mininet/.m2/repository/commons-codec/commons-codec/1.3/commons-codec-1.3.jar
7f5b19f35000-7f5b19f3a000 r--s 00026000 08:01 183620                     /home/mininet/.m2/repository/org/apache/httpcomponents/httpcore/4.0.1/httpcore-4.0.1.jar
7f5b19f3a000-7f5b19f41000 r--s 00041000 08:01 422939                     /home/mininet/.m2/repository/org/apache/httpcomponents/httpclient/4.0.2/httpclient-4.0.2.jar
7f5b19f41000-7f5b19f49000 r--s 00028000 08:01 183619                     /home/mininet/.m2/repository/xml-apis/xml-apis/1.3.04/xml-apis-1.3.04.jar
7f5b19f49000-7f5b1a149000 rw-p 00000000 00:00 0 
7f5b1a149000-7f5b1a349000 rw-p 00000000 00:00 0 
7f5b1a349000-7f5b1a34b000 r--s 00007000 08:01 423484                     /home/mininet/.m2/repository/org/apache/felix/org.apache.felix.scr.annotations/1.9.12/org.apache.felix.scr.annotations-1.9.12.jar
7f5b1a34b000-7f5b1a363000 r--s 00115000 08:01 183618                     /home/mininet/.m2/repository/xerces/xercesImpl/2.9.1/xercesImpl-2.9.1.jar
7f5b1a363000-7f5b1a367000 r--s 00022000 08:01 305394                     /home/mininet/.m2/repository/org/apache/maven/doxia/doxia-core/1.2/doxia-core-1.2.jar
7f5b1a367000-7f5b1a36b000 r--s 00025000 08:01 59573                      /home/mininet/.m2/repository/org/apache/maven/shared/maven-shared-utils/0.6/maven-shared-utils-0.6.jar
7f5b1a36b000-7f5b1a36c000 r--s 00004000 08:01 59571                      /home/mininet/.m2/repository/org/apache/maven/reporting/maven-reporting-impl/2.3/maven-reporting-impl-2.3.jar
7f5b1a36c000-7f5b1a36d000 r--s 00001000 08:01 200004                     /home/mininet/.m2/repository/org/onosproject/onos-build-conf/1.2/onos-build-conf-1.2.jar
7f5b1a36d000-7f5b1a36f000 r--s 00019000 08:01 426283                     /home/mininet/.m2/repository/org/apache/maven/plugins/maven-checkstyle-plugin/2.17/maven-checkstyle-plugin-2.17.jar
7f5b1a36f000-7f5b1a376000 r--s 00056000 08:01 429661                     /home/mininet/.m2/repository/org/apache/commons/commons-compress/1.9/commons-compress-1.9.jar
7f5b1a376000-7f5b1a37a000 r--s 00027000 08:01 306674                     /home/mininet/.m2/repository/commons-io/commons-io/2.2/commons-io-2.2.jar
7f5b1a37a000-7f5b1a37d000 r--s 00011000 08:01 199998                     /home/mininet/.m2/repository/org/codehaus/plexus/plexus-io/2.4/plexus-io-2.4.jar
7f5b1a37d000-7f5b1a381000 r--s 00020000 08:01 304103                     /home/mininet/.m2/repository/org/codehaus/plexus/plexus-archiver/2.9/plexus-archiver-2.9.jar
7f5b1a381000-7f5b1a385000 r--s 00038000 08:01 185678                     /home/mininet/.m2/repository/org/codehaus/plexus/plexus-utils/3.0.20/plexus-utils-3.0.20.jar
7f5b1a385000-7f5b1a389000 r--s 00026000 08:01 62732                      /home/mininet/.m2/repository/org/apache/maven/shared/maven-shared-utils/0.7/maven-shared-utils-0.7.jar
7f5b1a389000-7f5b1a38a000 r--s 00005000 08:01 199997                     /home/mininet/.m2/repository/org/apache/maven/maven-archiver/2.6/maven-archiver-2.6.jar
7f5b1a38a000-7f5b1a38c000 r--s 00005000 08:01 429646                     /home/mininet/.m2/repository/org/apache/maven/plugins/maven-jar-plugin/2.6/maven-jar-plugin-2.6.jar
7f5b1a38c000-7f5b1a391000 r--s 0003d000 08:01 183970                     /home/mininet/.m2/repository/org/codehaus/plexus/plexus-utils/1.5.8/plexus-utils-1.5.8.jar
7f5b1a391000-7f5b1a396000 r--s 00038000 08:01 183968                     /home/mininet/.m2/repository/org/osgi/org.osgi.core/4.2.0/org.osgi.core-4.2.0.jar
7f5b1a396000-7f5b1a39b000 r--s 00036000 08:01 306718                     /home/mininet/.m2/repository/org/ow2/asm/asm-all/5.0.2/asm-all-5.0.2.jar
7f5b1a39b000-7f5b1a39e000 r--s 00017000 08:01 424627                     /home/mininet/.m2/repository/org/apache/felix/org.apache.felix.scr.generator/1.13.0/org.apache.felix.scr.generator-1.13.0.jar
7f5b1a39e000-7f5b1a3a1000 r--s 00020000 08:01 61167                      /home/mininet/.m2/repository/org/codehaus/plexus/plexus-archiver/1.0-alpha-7/plexus-archiver-1.0-alpha-7.jar
7f5b1a3a1000-7f5b1a3a2000 r--s 00002000 08:01 61166                      /home/mininet/.m2/repository/org/apache/maven/maven-archiver/2.2/maven-archiver-2.2.jar
7f5b1a3a2000-7f5b1a3a4000 r--s 00006000 08:01 424604                     /home/mininet/.m2/repository/org/apache/felix/maven-scr-plugin/1.21.0/maven-scr-plugin-1.21.0.jar
7f5b1a3a4000-7f5b1a5a4000 rw-p 00000000 00:00 0 
7f5b1a5a4000-7f5b1a7a4000 rw-p 00000000 00:00 0 
7f5b1a7a4000-7f5b1a81d000 r--s 010e7000 08:01 59960                      /usr/lib/jvm/java-8-oracle/lib/tools.jar
7f5b1a81d000-7f5b1a81e000 r--s 00003000 08:01 183685                     /home/mininet/.m2/repository/org/codehaus/plexus/plexus-compiler-javac/1.9.1/plexus-compiler-javac-1.9.1.jar
7f5b1a81e000-7f5b1a820000 r--s 00000000 08:01 183684                     /home/mininet/.m2/repository/org/codehaus/plexus/plexus-compiler-manager/1.9.1/plexus-compiler-manager-1.9.1.jar
7f5b1a820000-7f5b1a822000 r--s 00004000 08:01 183683                     /home/mininet/.m2/repository/org/codehaus/plexus/plexus-compiler-api/1.9.1/plexus-compiler-api-1.9.1.jar
7f5b1a822000-7f5b1a823000 r--s 00007000 08:01 305426                     /home/mininet/.m2/repository/org/apache/maven/plugins/maven-compiler-plugin/2.5.1/maven-compiler-plugin-2.5.1.jar
7f5b1a823000-7f5b1a826000 r--s 0000d000 08:01 422949                     /home/mininet/.m2/repository/org/codehaus/plexus/plexus-interpolation/1.19/plexus-interpolation-1.19.jar
7f5b1a826000-7f5b1a827000 r--s 00001000 08:01 305450                     /home/mininet/.m2/repository/org/sonatype/plexus/plexus-build-api/0.0.4/plexus-build-api-0.0.4.jar
7f5b1a827000-7f5b1a829000 r--s 00006000 08:01 422937                     /home/mininet/.m2/repository/com/google/code/findbugs/jsr305/2.0.1/jsr305-2.0.1.jar
7f5b1a829000-7f5b1a82c000 r--s 00023000 08:01 60946                      /home/mininet/.m2/repository/org/apache/maven/shared/maven-shared-utils/0.3/maven-shared-utils-0.3.jar
7f5b1a82c000-7f5b1a82e000 r--s 00009000 08:01 429666                     /home/mininet/.m2/repository/org/apache/maven/shared/maven-filtering/1.2/maven-filtering-1.2.jar
7f5b1a82e000-7f5b1a832000 r--s 00037000 08:01 59585                      /home/mininet/.m2/repository/org/codehaus/plexus/plexus-utils/3.0.15/plexus-utils-3.0.15.jar
7f5b1a832000-7f5b1a833000 r--s 00007000 08:01 62736                      /home/mininet/.m2/repository/org/apache/maven/plugins/maven-resources-plugin/2.7/maven-resources-plugin-2.7.jar
7f5b1a833000-7f5b1a846000 r--s 00344000 08:01 58396                      /usr/lib/jvm/java-8-oracle/jre/lib/resources.jar
7f5b1a846000-7f5b1aa46000 rw-p 00000000 00:00 0 
7f5b1aa46000-7f5b1ac46000 rw-p 00000000 00:00 0 
7f5b1ac46000-7f5b1ac4b000 r--s 00034000 08:01 426570                     /home/mininet/.m2/repository/com/google/code/gson/gson/2.5/gson-2.5.jar
7f5b1ac4b000-7f5b1ac4f000 r--s 0002a000 08:01 423039                     /home/mininet/.m2/repository/commons-io/commons-io/2.4/commons-io-2.4.jar
7f5b1ac4f000-7f5b1ac52000 r--s 0000a000 08:01 429668                     /home/mininet/.m2/repository/com/fasterxml/jackson/core/jackson-annotations/2.7.0/jackson-annotations-2.7.0.jar
7f5b1ac52000-7f5b1ac56000 r--s 0003a000 08:01 304141                     /home/mininet/.m2/repository/com/fasterxml/jackson/core/jackson-core/2.7.0/jackson-core-2.7.0.jar
7f5b1ac56000-7f5b1ac67000 r--s 00114000 08:01 62756                      /home/mininet/.m2/repository/com/fasterxml/jackson/core/jackson-databind/2.7.0/jackson-databind-2.7.0.jar
7f5b1ac67000-7f5b1ac69000 r--s 0000d000 08:01 305380                     /home/mininet/.m2/repository/commons-logging/commons-logging/1.1.1/commons-logging-1.1.1.jar
7f5b1ac69000-7f5b1ac6e000 r--s 00041000 08:01 423106                     /home/mininet/.m2/repository/commons-lang/commons-lang/2.6/commons-lang-2.6.jar
7f5b1ac6e000-7f5b1ac75000 r--s 00052000 08:01 183759                     /home/mininet/.m2/repository/commons-configuration/commons-configuration/1.10/commons-configuration-1.10.jar
7f5b1ac75000-7f5b1ac82000 r--s 00083000 08:01 424836                     /home/mininet/.m2/repository/commons-collections/commons-collections/3.2.2/commons-collections-3.2.2.jar
7f5b1ac82000-7f5b1acae000 r--s 00208000 08:01 423480                     /home/mininet/.m2/repository/com/google/guava/guava/19.0/guava-19.0.jar
7f5b1acae000-7f5b1acb4000 r--s 00042000 08:01 423329                     /home/mininet/.m2/repository/com/thoughtworks/qdox/qdox/2.0-M3/qdox-2.0-M3.jar
7f5b1acb4000-7f5b1acb7000 r--s 0001b000 08:01 183399                     /home/mininet/.m2/repository/junit/junit/3.8.1/junit-3.8.1.jar
7f5b1acb7000-7f5b1acbb000 r--s 00034000 08:01 305509                     /home/mininet/.m2/repository/org/codehaus/plexus/plexus-utils/1.5.15/plexus-utils-1.5.15.jar
7f5b1acbb000-7f5b1acc3000 r--s 00055000 08:01 424597                     /home/mininet/.m2/repository/org/eclipse/sisu/org.eclipse.sisu.inject/0.3.2/org.eclipse.sisu.inject-0.3.2.jar
7f5b1acc3000-7f5b1acc9000 r--s 0002d000 08:01 424605                     /home/mininet/.m2/repository/org/eclipse/sisu/org.eclipse.sisu.plexus/0.3.2/org.eclipse.sisu.plexus-0.3.2.jar
7f5b1acc9000-7f5b1acd0000 r--s 00064000 08:01 426351                     /home/mininet/.m2/repository/org/apache/commons/commons-lang3/3.4/commons-lang3-3.4.jar
7f5b1acd0000-7f5b1acd2000 r--s 0000a000 08:01 202776                     /home/mininet/.m2/repository/org/onosproject/onos-maven-plugin/1.9/onos-maven-plugin-1.9.jar
7f5b1acd2000-7f5b1acd6000 r--s 0001f000 08:01 62726                      /home/mininet/.m2/repository/org/jacoco/org.jacoco.report/0.7.5.201505241946/org.jacoco.report-0.7.5.201505241946.jar
7f5b1acd6000-7f5b1acdb000 r--s 00058000 08:01 305256                     /home/mininet/.m2/repository/org/ow2/asm/asm-debug-all/5.0.1/asm-debug-all-5.0.1.jar
7f5b1acdb000-7f5b1acdf000 r--s 0001d000 08:01 62725                      /home/mininet/.m2/repository/org/jacoco/org.jacoco.core/0.7.5.201505241946/org.jacoco.core-0.7.5.201505241946.jar
7f5b1acdf000-7f5b1ace5000 r--s 00041000 08:01 429656                     /home/mininet/.m2/repository/org/jacoco/org.jacoco.agent/0.7.5.201505241946/org.jacoco.agent-0.7.5.201505241946-runtime.jar
7f5b1ace5000-7f5b1acea000 r--s 00016000 08:01 183531                     /home/mininet/.m2/repository/xml-apis/xml-apis/1.0.b2/xml-apis-1.0.b2.jar
7f5b1acea000-7f5b1acec000 r--s 00008000 08:01 305254                     /home/mininet/.m2/repository/commons-logging/commons-logging/1.0.4/commons-logging-1.0.4.jar
7f5b1acec000-7f5b1acf0000 r--s 00026000 08:01 422818                     /home/mininet/.m2/repository/commons-digester/commons-digester/1.6/commons-digester-1.6.jar
7f5b1acf0000-7f5b1acf5000 r--s 0002a000 08:01 59436                      /home/mininet/.m2/repository/commons-beanutils/commons-beanutils/1.7.0/commons-beanutils-1.7.0.jar
7f5b1acf5000-7f5b1acf8000 r--s 00014000 08:01 59435                      /home/mininet/.m2/repository/commons-validator/commons-validator/1.2.0/commons-validator-1.2.0.jar
7f5b1acf8000-7f5b1acfa000 r--s 00008000 08:01 59434                      /home/mininet/.m2/repository/org/apache/maven/doxia/doxia-module-fml/1.1.2/doxia-module-fml-1.1.2.jar
7f5b1acfa000-7f5b1acfb000 r--s 00003000 08:01 59432                      /home/mininet/.m2/repository/org/apache/maven/doxia/doxia-module-xhtml/1.1.2/doxia-module-xhtml-1.1.2.jar
7f5b1acfb000-7f5b1acfd000 r--s 0000b000 08:01 422815                     /home/mininet/.m2/repository/org/apache/maven/doxia/doxia-decoration-model/1.1.2/doxia-decoration-model-1.1.2.jar
7f5b1acfd000-7f5b1acff000 r--s 0000b000 08:01 59430                      /home/mininet/.m2/repository/org/apache/maven/doxia/doxia-site-renderer/1.1.2/doxia-site-renderer-1.1.2.jar
7f5b1acff000-7f5b1ad01000 r--s 00006000 08:01 305250                     /home/mininet/.m2/repository/commons-codec/commons-codec/1.2/commons-codec-1.2.jar
7f5b1ad01000-7f5b1ad07000 r--s 00045000 08:01 305249                     /home/mininet/.m2/repository/commons-httpclient/commons-httpclient/3.1/commons-httpclient-3.1.jar
7f5b1ad07000-7f5b1ad0b000 r--s 0003c000 08:01 422814                     /home/mininet/.m2/repository/commons-lang/commons-lang/2.4/commons-lang-2.4.jar
7f5b1ad0b000-7f5b1ad22000 r--s 00112000 08:01 183529                     /home/mininet/.m2/repository/xerces/xercesImpl/2.8.1/xercesImpl-2.8.1.jar
7f5b1ad22000-7f5b1ad26000 r--s 00023000 08:01 305248                     /home/mininet/.m2/repository/org/apache/maven/doxia/doxia-core/1.1.2/doxia-core-1.1.2.jar
7f5b1ad26000-7f5b1ad28000 r--s 00003000 08:01 422811                     /home/mininet/.m2/repository/org/apache/maven/reporting/maven-reporting-impl/2.1/maven-reporting-impl-2.1.jar
7f5b1ad28000-7f5b1ad2a000 r--s 00002000 08:01 183525                     /home/mininet/.m2/repository/org/apache/maven/doxia/doxia-sink-api/1.1/doxia-sink-api-1.1.jar
7f5b1ad2a000-7f5b1ad2b000 r--s 00002000 08:01 422809                     /home/mininet/.m2/repository/org/apache/maven/reporting/maven-reporting-api/2.2.1/maven-reporting-api-2.2.1.jar
7f5b1ad2b000-7f5b1ad2d000 r--s 00008000 08:01 59427                      /home/mininet/.m2/repository/org/apache/maven/shared/maven-shared-io/1.1/maven-shared-io-1.1.jar
7f5b1ad2d000-7f5b1ad2f000 r--s 00008000 08:01 422807                     /home/mininet/.m2/repository/org/apache/maven/shared/file-management/1.2.1/file-management-1.2.1.jar
7f5b1ad2f000-7f5b1ad34000 r--s 00039000 08:01 59425                      /home/mininet/.m2/repository/org/codehaus/plexus/plexus-utils/1.5.6/plexus-utils-1.5.6.jar
7f5b1ad34000-7f5b1ad3a000 r--s 00034000 08:01 422806                     /home/mininet/.m2/repository/junit/junit/4.8.2/junit-4.8.2.jar
7f5b1ad3a000-7f5b1ad3c000 r--s 0000b000 08:01 59424                      /home/mininet/.m2/repository/org/codehaus/plexus/plexus-interpolation/1.11/plexus-interpolation-1.11.jar
7f5b1ad3c000-7f5b1ad3f000 r--s 0001a000 08:01 58537                      /usr/lib/jvm/java-8-oracle/jre/lib/jce.jar
7f5b1ad3f000-7f5b1ad41000 r--s 0000b000 08:01 429651                     /home/mininet/.m2/repository/org/jacoco/jacoco-maven-plugin/0.7.5.201505241946/jacoco-maven-plugin-0.7.5.201505241946.jar
7f5b1ad41000-7f5b1af41000 rw-p 00000000 00:00 0 
7f5b1af41000-7f5b1af45000 r--s 00034000 08:01 183428                     /home/mininet/.m2/repository/org/codehaus/plexus/plexus-utils/3.0/plexus-utils-3.0.jar
7f5b1af45000-7f5b1af47000 r--s 00005000 08:01 422708                     /home/mininet/.m2/repository/org/apache/maven/plugins/maven-clean-plugin/2.5/maven-clean-plugin-2.5.jar
7f5b1af47000-7f5b1af4a000 r--s 00027000 08:01 60641                      /home/mininet/.m2/repository/org/codehaus/plexus/plexus-utils/1.1/plexus-utils-1.1.jar
7f5b1af4a000-7f5b1af4b000 r--s 00001000 08:01 423403                     /home/mininet/.m2/repository/org/apache/maven/archetype/archetype-packaging/2.4/archetype-packaging-2.4.jar
7f5b1af4b000-7f5b1af4f000 r--s 0003a000 08:01 423379                     /home/mininet/.m2/repository/org/codehaus/plexus/plexus-utils/3.0.17/plexus-utils-3.0.17.jar
7f5b1af4f000-7f5b1af55000 r--s 00042000 08:01 423386                     /home/mininet/.m2/repository/org/eclipse/sisu/org.eclipse.sisu.inject/0.0.0.M5/org.eclipse.sisu.inject-0.0.0.M5.jar
7f5b1af55000-7f5b1af57000 r--s 00000000 08:01 423382                     /home/mininet/.m2/repository/aopalliance/aopalliance/1.0/aopalliance-1.0.jar
7f5b1af57000-7f5b1af5f000 r--s 00050000 08:01 423381                     /home/mininet/.m2/repository/org/sonatype/sisu/sisu-guice/3.1.0/sisu-guice-3.1.0-no_aop.jar
7f5b1af5f000-7f5b1af62000 r--s 00006000 08:01 422990                     /home/mininet/.m2/repository/com/google/code/findbugs/jsr305/1.3.9/jsr305-1.3.9.jar
7f5b1af62000-7f5b1af80000 r--s 00151000 08:01 423378                     /home/mininet/.m2/repository/com/google/guava/guava/10.0.1/guava-10.0.1.jar
7f5b1af80000-7f5b1af81000 r--s 00000000 08:01 60639                      /home/mininet/.m2/repository/javax/inject/javax.inject/1/javax.inject-1.jar
7f5b1af81000-7f5b1af82000 r--s 00001000 08:01 60640                      /home/mininet/.m2/repository/javax/annotation/jsr250-api/1.0/jsr250-api-1.0.jar
7f5b1af82000-7f5b1af85000 r--s 00008000 08:01 60637                      /home/mininet/.m2/repository/javax/enterprise/cdi-api/1.0/cdi-api-1.0.jar
7f5b1af85000-7f5b1af8b000 r--s 0002a000 08:01 423376                     /home/mininet/.m2/repository/org/eclipse/sisu/org.eclipse.sisu.plexus/0.0.0.M5/org.eclipse.sisu.plexus-0.0.0.M5.jar
7f5b1af8b000-7f5b1af8d000 r--s 00006000 08:01 423390                     /home/mininet/.m2/repository/kr/motd/maven/os-maven-plugin/1.4.0.Final/os-maven-plugin-1.4.0.Final.jar
7f5b1af8d000-7f5b1af90000 r--s 00023000 08:01 183891                     /home/mininet/.m2/repository/org/jdom/jdom/1.1/jdom-1.1.jar
7f5b1af90000-7f5b1af92000 r--s 00004000 08:01 59279                      /home/mininet/.m2/repository/org/apache/maven/doxia/doxia-module-xhtml/1.0/doxia-module-xhtml-1.0.jar
7f5b1af92000-7f5b1af93000 r--s 00006000 08:01 59277                      /home/mininet/.m2/repository/org/apache/maven/doxia/doxia-module-xdoc/1.0/doxia-module-xdoc-1.0.jar
7f5b1af93000-7f5b1af94000 r--s 00004000 08:01 422693                     /home/mininet/.m2/repository/org/apache/maven/doxia/doxia-module-fml/1.0/doxia-module-fml-1.0.jar
7f5b1af94000-7f5b1af96000 r--s 0000a000 08:01 305120                     /home/mininet/.m2/repository/org/apache/maven/doxia/doxia-module-apt/1.0/doxia-module-apt-1.0.jar
7f5b1af96000-7f5b1afa3000 r--s 0007f000 08:01 59276                      /home/mininet/.m2/repository/commons-collections/commons-collections/3.2/commons-collections-3.2.jar
7f5b1afa3000-7f5b1afa4000 r--s 0000b000 08:01 305117                     /home/mininet/.m2/repository/org/apache/maven/doxia/doxia-decoration-model/1.0/doxia-decoration-model-1.0.jar
7f5b1afa4000-7f5b1afa6000 r--s 0000e000 08:01 305116                     /home/mininet/.m2/repository/oro/oro/2.0.8/oro-2.0.8.jar
7f5b1afa6000-7f5b1afaa000 r--s 0002f000 08:01 422691                     /home/mininet/.m2/repository/commons-lang/commons-lang/2.1/commons-lang-2.1.jar
7f5b1afaa000-7f5b1afb2000 r--s 00058000 08:01 183416                     /home/mininet/.m2/repository/org/apache/velocity/velocity/1.5/velocity-1.5.jar
7f5b1afb2000-7f5b1afb3000 r--s 00001000 08:01 59274                      /home/mininet/.m2/repository/org/codehaus/plexus/plexus-velocity/1.1.7/plexus-velocity-1.1.7.jar
7f5b1afb3000-7f5b1afb4000 r--s 00002000 08:01 59272                      /home/mininet/.m2/repository/org/codehaus/plexus/plexus-i18n/1.0-beta-7/plexus-i18n-1.0-beta-7.jar
7f5b1afb4000-7f5b1afb7000 r--s 0000b000 08:01 305114                     /home/mininet/.m2/repository/org/apache/maven/doxia/doxia-core/1.0/doxia-core-1.0.jar
7f5b1afb7000-7f5b1afb9000 r--s 0000a000 08:01 183413                     /home/mininet/.m2/repository/org/apache/maven/doxia/doxia-site-renderer/1.0/doxia-site-renderer-1.0.jar
7f5b1afb9000-7f5b1afba000 r--s 00002000 08:01 183411                     /home/mininet/.m2/repository/org/apache/maven/doxia/doxia-sink-api/1.0/doxia-sink-api-1.0.jar
7f5b1afba000-7f5b1afbc000 r--s 00001000 08:01 306719                     /home/mininet/.m2/repository/org/sonatype/plexus/plexus-build-api/0.0.7/plexus-build-api-0.0.7.jar
7f5b1afbc000-7f5b1afc0000 r--s 00035000 08:01 183410                     /home/mininet/.m2/repository/org/codehaus/plexus/plexus-utils/3.0.10/plexus-utils-3.0.10.jar
7f5b1afc0000-7f5b1afc4000 r--s 0001d000 08:01 422688                     /home/mininet/.m2/repository/org/eclipse/aether/aether-util/0.9.0.M2/aether-util-0.9.0.M2.jar
7f5b1afc4000-7f5b1afc6000 r--s 00000000 08:01 183408                     /home/mininet/.m2/repository/org/codehaus/plexus/plexus-component-annotations/1.5.5/plexus-component-annotations-1.5.5.jar
7f5b1afc6000-7f5b1afc9000 r--s 0000c000 08:01 422687                     /home/mininet/.m2/repository/org/apache/maven/shared/maven-dependency-tree/2.1/maven-dependency-tree-2.1.jar
7f5b1afc9000-7f5b1afcb000 r--s 0000d000 08:01 422685                     /home/mininet/.m2/repository/org/codehaus/plexus/plexus-interpolation/1.15/plexus-interpolation-1.15.jar
7f5b1afcb000-7f5b1afce000 r--s 0000c000 08:01 183406                     /home/mininet/.m2/repository/org/codehaus/plexus/plexus-io/2.0.2/plexus-io-2.0.2.jar
7f5b1afce000-7f5b1afd3000 r--s 00029000 08:01 305112                     /home/mininet/.m2/repository/org/codehaus/plexus/plexus-archiver/2.1/plexus-archiver-2.1.jar
7f5b1afd3000-7f5b1afd5000 r--s 00004000 08:01 183404                     /home/mininet/.m2/repository/org/apache/maven/maven-archiver/2.5/maven-archiver-2.5.jar
7f5b1afd5000-7f5b1afd7000 r--s 00002000 08:01 59569                      /home/mininet/.m2/repository/org/sonatype/plexus/plexus-cipher/1.4/plexus-cipher-1.4.jar
7f5b1afd7000-7f5b1afd8000 r--s 00006000 08:01 305390                     /home/mininet/.m2/repository/org/sonatype/plexus/plexus-sec-dispatcher/1.3/plexus-sec-dispatcher-1.3.jar
7f5b1afd8000-7f5b1afe0000 r--s 00049000 08:01 183524                     /home/mininet/.m2/repository/backport-util-concurrent/backport-util-concurrent/3.1/backport-util-concurrent-3.1.jar
7f5b1afe0000-7f5b1afe2000 r--s 00002000 08:01 183401                     /home/mininet/.m2/repository/org/codehaus/plexus/plexus-interactivity-api/1.0-alpha-4/plexus-interactivity-api-1.0-alpha-4.jar
7f5b1afe2000-7f5b1afe4000 r--s 00009000 08:01 305381                     /home/mininet/.m2/repository/commons-cli/commons-cli/1.2/commons-cli-1.2.jar
7f5b1afe4000-7f5b1afe6000 r--s 00009000 08:01 59315                      /home/mininet/.m2/repository/org/hamcrest/hamcrest-core/1.3/hamcrest-core-1.3.jar
7f5b1afe6000-7f5b1afec000 r--s 00036000 08:01 305159                     /home/mininet/.m2/repository/junit/junit/4.11/junit-4.11.jar
7f5b1afec000-7f5b1afed000 r--s 00002000 08:01 183527                     /home/mininet/.m2/repository/org/apache/maven/doxia/doxia-logging-api/1.1/doxia-logging-api-1.1.jar
7f5b1afed000-7f5b1afee000 r--s 00002000 08:01 423252                     /home/mininet/.m2/repository/org/apache/maven/reporting/maven-reporting-api/2.2.0/maven-reporting-api-2.2.0.jar
7f5b1afee000-7f5b1aff0000 r--s 00003000 08:01 305389                     /home/mininet/.m2/repository/org/slf4j/jcl-over-slf4j/1.5.6/jcl-over-slf4j-1.5.6.jar
7f5b1aff0000-7f5b1aff2000 r--s 00004000 08:01 305386                     /home/mininet/.m2/repository/org/slf4j/slf4j-api/1.5.6/slf4j-api-1.5.6.jar
7f5b1aff2000-7f5b1aff4000 r--s 00001000 08:01 305384                     /home/mininet/.m2/repository/org/slf4j/slf4j-jdk14/1.5.6/slf4j-jdk14-1.5.6.jar
7f5b1aff4000-7f5b1b002000 r--s 00088000 08:01 183397                     /home/mininet/.m2/repository/org/osgi/org.osgi.compendium/4.2.0/org.osgi.compendium-4.2.0.jar
7f5b1b002000-7f5b1b004000 r--s 0000f000 08:01 183396                     /home/mininet/.m2/repository/org/apache/felix/org.apache.felix.utils/1.6.0/org.apache.felix.utils-1.6.0.jar
7f5b1b004000-7f5b1b007000 r--s 00015000 08:01 199985                     /home/mininet/.m2/repository/org/easymock/easymock/2.5.2/easymock-2.5.2.jar
7f5b1b007000-7f5b1b00b000 r--s 00026000 08:01 422681                     /home/mininet/.m2/repository/org/apache/felix/org.apache.felix.bundlerepository/1.6.6/org.apache.felix.bundlerepository-1.6.6.jar
7f5b1b00b000-7f5b1b030000 r--s 001f1000 08:01 429638                     /home/mininet/.m2/repository/biz/aQute/bnd/biz.aQute.bndlib/3.0.0/biz.aQute.bndlib-3.0.0.jar
7f5b1b030000-7f5b1b037000 r--s 0004f000 08:01 183391                     /home/mininet/.m2/repository/org/osgi/org.osgi.core/4.3.1/org.osgi.core-4.3.1.jar
7f5b1b037000-7f5b1b03b000 r--s 00030000 08:01 199984                     /home/mininet/.m2/repository/org/apache/felix/maven-bundle-plugin/3.0.1/maven-bundle-plugin-3.0.1.jar
7f5b1b03b000-7f5b1b04c000 r-xp 00000000 08:01 58423                      /usr/lib/jvm/java-8-oracle/jre/lib/amd64/libnio.so
7f5b1b04c000-7f5b1b24b000 ---p 00011000 08:01 58423                      /usr/lib/jvm/java-8-oracle/jre/lib/amd64/libnio.so
7f5b1b24b000-7f5b1b24c000 rw-p 00010000 08:01 58423                      /usr/lib/jvm/java-8-oracle/jre/lib/amd64/libnio.so
7f5b1b24c000-7f5b1b262000 r-xp 00000000 08:01 58449                      /usr/lib/jvm/java-8-oracle/jre/lib/amd64/libnet.so
7f5b1b262000-7f5b1b462000 ---p 00016000 08:01 58449                      /usr/lib/jvm/java-8-oracle/jre/lib/amd64/libnet.so
7f5b1b462000-7f5b1b463000 rw-p 00016000 08:01 58449                      /usr/lib/jvm/java-8-oracle/jre/lib/amd64/libnet.so
7f5b1b463000-7f5b1b663000 rw-p 00000000 00:00 0 
7f5b1b663000-7f5b1b668000 r--s 00094000 08:01 58400                      /usr/lib/jvm/java-8-oracle/jre/lib/jsse.jar
7f5b1b668000-7f5b1b868000 rw-p 00000000 00:00 0 
7f5b1b868000-7f5b1ba68000 rw-p 00000000 00:00 0 
7f5b1ba68000-7f5b1ba73000 r--s 00116000 08:01 58506                      /usr/lib/jvm/java-8-oracle/jre/lib/ext/localedata.jar
7f5b1ba73000-7f5b1ba8f000 r--s 00393000 08:01 58508                      /usr/lib/jvm/java-8-oracle/jre/lib/ext/cldrdata.jar
7f5b1ba8f000-7f5b1ba93000 r--s 0001c000 08:01 400811                     /usr/share/maven-repo/org/sonatype/aether/aether-util/1.13.1/aether-util-1.13.1.jar
7f5b1ba93000-7f5b1ba95000 r--s 0000e000 08:01 36819                      /usr/share/java/plexus-interpolation.jar
7f5b1ba95000-7f5b1ba97000 r--s 00025000 08:01 37924                      /usr/share/java/maven3-model-3.0.5.jar
7f5b1ba97000-7f5b1ba99000 r--s 00000000 08:01 37296                      /usr/share/java/plexus-component-annotations-1.5-1.5.5.jar
7f5b1ba99000-7f5b1baa5000 r--s 0007c000 08:01 37925                      /usr/share/java/maven3-core-3.0.5.jar
7f5b1baa5000-7f5b1baab000 r--s 0003e000 08:01 37931                      /usr/share/java/maven3-compat-3.0.5.jar
7f5b1baab000-7f5b1baac000 r--s 00003000 08:01 283105                     /usr/share/maven-repo/org/sonatype/aether/aether-spi/1.13.1/aether-spi-1.13.1.jar
7f5b1baac000-7f5b1baae000 r--s 0000a000 08:01 37929                      /usr/share/java/maven3-artifact-3.0.5.jar
7f5b1baae000-7f5b1bab0000 r--s 0000b000 08:01 37923                      /usr/share/java/maven3-aether-provider-3.0.5.jar
7f5b1bab0000-7f5b1badb000 r--s 001f8000 08:01 36770                      /usr/share/java/guava.jar
7f5b1badb000-7f5b1bafb000 r--s 0011f000 08:01 37730                      /usr/share/java/wagon-http-shaded-2.x.jar
7f5b1bafb000-7f5b1bafc000 ---p 00000000 00:00 0 
7f5b1bafc000-7f5b1bbfc000 rw-p 00000000 00:00 0                          [stack:31001]
7f5b1bbfc000-7f5b1bbff000 ---p 00000000 00:00 0 
7f5b1bbff000-7f5b1bcfd000 rw-p 00000000 00:00 0                          [stack:31000]
7f5b1bcfd000-7f5b1bd00000 ---p 00000000 00:00 0 
7f5b1bd00000-7f5b1bdfe000 rw-p 00000000 00:00 0                          [stack:30999]
7f5b1bdfe000-7f5b1be01000 ---p 00000000 00:00 0 
7f5b1be01000-7f5b1beff000 rw-p 00000000 00:00 0                          [stack:30998]
7f5b1beff000-7f5b1bf02000 ---p 00000000 00:00 0 
7f5b1bf02000-7f5b1c000000 rw-p 00000000 00:00 0                          [stack:30997]
7f5b1c000000-7f5b1c021000 rw-p 00000000 00:00 0 
7f5b1c021000-7f5b20000000 ---p 00000000 00:00 0 
7f5b20000000-7f5b20021000 rw-p 00000000 00:00 0 
7f5b20021000-7f5b24000000 ---p 00000000 00:00 0 
7f5b24000000-7f5b2452a000 rw-p 00000000 00:00 0 
7f5b2452a000-7f5b28000000 ---p 00000000 00:00 0 
7f5b28000000-7f5b28002000 r--s 00009000 08:01 37927                      /usr/share/java/maven3-settings-3.0.5.jar
7f5b28002000-7f5b28004000 r--s 0000a000 08:01 37729                      /usr/share/java/wagon-provider-api-2.x.jar
7f5b28004000-7f5b2800b000 r--s 00040000 08:01 37328                      /usr/share/java/sisu-inject-bean.jar
7f5b2800b000-7f5b2800d000 r--s 00009000 08:01 37932                      /usr/share/java/maven3-plugin-api-3.0.5.jar
7f5b2800d000-7f5b2800f000 r--s 00007000 08:01 36757                      /usr/share/java/commons-cli-1.2.jar
7f5b2800f000-7f5b28010000 r--s 00006000 08:01 36950                      /usr/share/java/plexus-sec-dispatcher.jar
7f5b28010000-7f5b28012000 r--s 00007000 08:01 37930                      /usr/share/java/maven3-settings-builder-3.0.5.jar
7f5b28012000-7f5b28019000 r--s 0003b000 08:01 36798                      /usr/share/java/commons-codec-1.9.jar
7f5b28019000-7f5b2801f000 r--s 00046000 08:01 36954                      /usr/share/java/commons-httpclient-3.1.jar
7f5b2801f000-7f5b28324000 r--p 00000000 08:01 7008                       /usr/lib/locale/locale-archive
7f5b28324000-7f5b28327000 ---p 00000000 00:00 0 
7f5b28327000-7f5b28425000 rw-p 00000000 00:00 0                          [stack:30996]
7f5b28425000-7f5b28428000 ---p 00000000 00:00 0 
7f5b28428000-7f5b28526000 rw-p 00000000 00:00 0                          [stack:30995]
7f5b28526000-7f5b28527000 ---p 00000000 00:00 0 
7f5b28527000-7f5b28627000 rw-p 00000000 00:00 0                          [stack:30994]
7f5b28627000-7f5b28800000 r--s 03d09000 08:01 58402                      /usr/lib/jvm/java-8-oracle/jre/lib/rt.jar
7f5b28800000-7f5b29000000 rw-p 00000000 00:00 0 
7f5b29000000-7f5b2bed0000 rwxp 00000000 00:00 0 
7f5b2bed0000-7f5b38000000 ---p 00000000 00:00 0 
7f5b38000000-7f5b3acc1000 rw-p 00000000 00:00 0 
7f5b3acc1000-7f5b3c000000 ---p 00000000 00:00 0 
7f5b3c000000-7f5b3c004000 r--s 00020000 08:01 37933                      /usr/share/java/maven3-model-builder-3.0.5.jar
7f5b3c004000-7f5b3c005000 r--s 0000d000 08:01 36580                      /usr/share/java/commons-logging-1.2.jar
7f5b3c005000-7f5b3c009000 r--s 00033000 08:01 37286                      /usr/share/java/plexus-utils2-2.0.5.jar
7f5b3c009000-7f5b3c00b000 r--s 00005000 08:01 37928                      /usr/share/java/maven3-repository-metadata-3.0.5.jar
7f5b3c00b000-7f5b3c00e000 r--s 0001d000 08:01 400816                     /usr/share/maven-repo/org/sonatype/aether/aether-impl/1.13.1/aether-impl-1.13.1.jar
7f5b3c00e000-7f5b3c010000 r--s 00002000 08:01 36946                      /usr/share/java/plexus-cipher.jar
7f5b3c010000-7f5b3c108000 rw-p 00000000 00:00 0 
7f5b3c108000-7f5b3c1d1000 ---p 00000000 00:00 0 
7f5b3c1d1000-7f5b3c212000 rw-p 00000000 00:00 0 
7f5b3c212000-7f5b3c276000 ---p 00000000 00:00 0 
7f5b3c276000-7f5b3c2f8000 rw-p 00000000 00:00 0 
7f5b3c2f8000-7f5b3c3c0000 ---p 00000000 00:00 0 
7f5b3c3c0000-7f5b3c47d000 rw-p 00000000 00:00 0 
7f5b3c47d000-7f5b3c781000 ---p 00000000 00:00 0 
7f5b3c781000-7f5b3c79b000 r-xp 00000000 08:01 58428                      /usr/lib/jvm/java-8-oracle/jre/lib/amd64/libzip.so
7f5b3c79b000-7f5b3c99b000 ---p 0001a000 08:01 58428                      /usr/lib/jvm/java-8-oracle/jre/lib/amd64/libzip.so
7f5b3c99b000-7f5b3c99c000 rw-p 0001a000 08:01 58428                      /usr/lib/jvm/java-8-oracle/jre/lib/amd64/libzip.so
7f5b3c99c000-7f5b3c9a7000 r-xp 00000000 08:01 149547                     /lib/x86_64-linux-gnu/libnss_files-2.19.so
7f5b3c9a7000-7f5b3cba6000 ---p 0000b000 08:01 149547                     /lib/x86_64-linux-gnu/libnss_files-2.19.so
7f5b3cba6000-7f5b3cba7000 r--p 0000a000 08:01 149547                     /lib/x86_64-linux-gnu/libnss_files-2.19.so
7f5b3cba7000-7f5b3cba8000 rw-p 0000b000 08:01 149547                     /lib/x86_64-linux-gnu/libnss_files-2.19.so
7f5b3cba8000-7f5b3cbb3000 r-xp 00000000 08:01 149549                     /lib/x86_64-linux-gnu/libnss_nis-2.19.so
7f5b3cbb3000-7f5b3cdb2000 ---p 0000b000 08:01 149549                     /lib/x86_64-linux-gnu/libnss_nis-2.19.so
7f5b3cdb2000-7f5b3cdb3000 r--p 0000a000 08:01 149549                     /lib/x86_64-linux-gnu/libnss_nis-2.19.so
7f5b3cdb3000-7f5b3cdb4000 rw-p 0000b000 08:01 149549                     /lib/x86_64-linux-gnu/libnss_nis-2.19.so
7f5b3cdb4000-7f5b3cdcb000 r-xp 00000000 08:01 149533                     /lib/x86_64-linux-gnu/libnsl-2.19.so
7f5b3cdcb000-7f5b3cfca000 ---p 00017000 08:01 149533                     /lib/x86_64-linux-gnu/libnsl-2.19.so
7f5b3cfca000-7f5b3cfcb000 r--p 00016000 08:01 149533                     /lib/x86_64-linux-gnu/libnsl-2.19.so
7f5b3cfcb000-7f5b3cfcc000 rw-p 00017000 08:01 149533                     /lib/x86_64-linux-gnu/libnsl-2.19.so
7f5b3cfcc000-7f5b3cfce000 rw-p 00000000 00:00 0 
7f5b3cfce000-7f5b3cfd7000 r-xp 00000000 08:01 149534                     /lib/x86_64-linux-gnu/libnss_compat-2.19.so
7f5b3cfd7000-7f5b3d1d6000 ---p 00009000 08:01 149534                     /lib/x86_64-linux-gnu/libnss_compat-2.19.so
7f5b3d1d6000-7f5b3d1d7000 r--p 00008000 08:01 149534                     /lib/x86_64-linux-gnu/libnss_compat-2.19.so
7f5b3d1d7000-7f5b3d1d8000 rw-p 00009000 08:01 149534                     /lib/x86_64-linux-gnu/libnss_compat-2.19.so
7f5b3d1d8000-7f5b3d202000 r-xp 00000000 08:01 58421                      /usr/lib/jvm/java-8-oracle/jre/lib/amd64/libjava.so
7f5b3d202000-7f5b3d402000 ---p 0002a000 08:01 58421                      /usr/lib/jvm/java-8-oracle/jre/lib/amd64/libjava.so
7f5b3d402000-7f5b3d404000 rw-p 0002a000 08:01 58421                      /usr/lib/jvm/java-8-oracle/jre/lib/amd64/libjava.so
7f5b3d404000-7f5b3d411000 r-xp 00000000 08:01 58463                      /usr/lib/jvm/java-8-oracle/jre/lib/amd64/libverify.so
7f5b3d411000-7f5b3d611000 ---p 0000d000 08:01 58463                      /usr/lib/jvm/java-8-oracle/jre/lib/amd64/libverify.so
7f5b3d611000-7f5b3d613000 rw-p 0000d000 08:01 58463                      /usr/lib/jvm/java-8-oracle/jre/lib/amd64/libverify.so
7f5b3d613000-7f5b3d61a000 r-xp 00000000 08:01 149550                     /lib/x86_64-linux-gnu/librt-2.19.so
7f5b3d61a000-7f5b3d819000 ---p 00007000 08:01 149550                     /lib/x86_64-linux-gnu/librt-2.19.so
7f5b3d819000-7f5b3d81a000 r--p 00006000 08:01 149550                     /lib/x86_64-linux-gnu/librt-2.19.so
7f5b3d81a000-7f5b3d81b000 rw-p 00007000 08:01 149550                     /lib/x86_64-linux-gnu/librt-2.19.so
7f5b3d81b000-7f5b3d920000 r-xp 00000000 08:01 149529                     /lib/x86_64-linux-gnu/libm-2.19.so
7f5b3d920000-7f5b3db1f000 ---p 00105000 08:01 149529                     /lib/x86_64-linux-gnu/libm-2.19.so
7f5b3db1f000-7f5b3db20000 r--p 00104000 08:01 149529                     /lib/x86_64-linux-gnu/libm-2.19.so
7f5b3db20000-7f5b3db21000 rw-p 00105000 08:01 149529                     /lib/x86_64-linux-gnu/libm-2.19.so
7f5b3db21000-7f5b3e7cf000 r-xp 00000000 08:01 58469                      /usr/lib/jvm/java-8-oracle/jre/lib/amd64/server/libjvm.so
7f5b3e7cf000-7f5b3e9ce000 ---p 00cae000 08:01 58469                      /usr/lib/jvm/java-8-oracle/jre/lib/amd64/server/libjvm.so
7f5b3e9ce000-7f5b3eaa5000 rw-p 00cad000 08:01 58469                      /usr/lib/jvm/java-8-oracle/jre/lib/amd64/server/libjvm.so
7f5b3eaa5000-7f5b3eae9000 rw-p 00000000 00:00 0 
7f5b3eae9000-7f5b3eca3000 r-xp 00000000 08:01 149548                     /lib/x86_64-linux-gnu/libc-2.19.so
7f5b3eca3000-7f5b3eea2000 ---p 001ba000 08:01 149548                     /lib/x86_64-linux-gnu/libc-2.19.so
7f5b3eea2000-7f5b3eea6000 r--p 001b9000 08:01 149548                     /lib/x86_64-linux-gnu/libc-2.19.so
7f5b3eea6000-7f5b3eea8000 rw-p 001bd000 08:01 149548                     /lib/x86_64-linux-gnu/libc-2.19.so
7f5b3eea8000-7f5b3eead000 rw-p 00000000 00:00 0 
7f5b3eead000-7f5b3eeb0000 r-xp 00000000 08:01 149536                     /lib/x86_64-linux-gnu/libdl-2.19.so
7f5b3eeb0000-7f5b3f0af000 ---p 00003000 08:01 149536                     /lib/x86_64-linux-gnu/libdl-2.19.so
7f5b3f0af000-7f5b3f0b0000 r--p 00002000 08:01 149536                     /lib/x86_64-linux-gnu/libdl-2.19.so
7f5b3f0b0000-7f5b3f0b1000 rw-p 00003000 08:01 149536                     /lib/x86_64-linux-gnu/libdl-2.19.so
7f5b3f0b1000-7f5b3f0c6000 r-xp 00000000 08:01 58762                      /usr/lib/jvm/java-8-oracle/lib/amd64/jli/libjli.so
7f5b3f0c6000-7f5b3f2c6000 ---p 00015000 08:01 58762                      /usr/lib/jvm/java-8-oracle/lib/amd64/jli/libjli.so
7f5b3f2c6000-7f5b3f2c7000 rw-p 00015000 08:01 58762                      /usr/lib/jvm/java-8-oracle/lib/amd64/jli/libjli.so
7f5b3f2c7000-7f5b3f2e0000 r-xp 00000000 08:01 149537                     /lib/x86_64-linux-gnu/libpthread-2.19.so
7f5b3f2e0000-7f5b3f4df000 ---p 00019000 08:01 149537                     /lib/x86_64-linux-gnu/libpthread-2.19.so
7f5b3f4df000-7f5b3f4e0000 r--p 00018000 08:01 149537                     /lib/x86_64-linux-gnu/libpthread-2.19.so
7f5b3f4e0000-7f5b3f4e1000 rw-p 00019000 08:01 149537                     /lib/x86_64-linux-gnu/libpthread-2.19.so
7f5b3f4e1000-7f5b3f4e5000 rw-p 00000000 00:00 0 
7f5b3f4e5000-7f5b3f508000 r-xp 00000000 08:01 149543                     /lib/x86_64-linux-gnu/ld-2.19.so
7f5b3f508000-7f5b3f50e000 r--s 0002c000 08:01 37323                      /usr/share/java/sisu-inject-plexus.jar
7f5b3f50e000-7f5b3f51a000 r--s 0008e000 08:01 37316                      /usr/share/java/sisu-guice.jar
7f5b3f51a000-7f5b3f51d000 r--s 00013000 08:01 283110                     /usr/share/maven-repo/org/sonatype/aether/aether-api/1.13.1/aether-api-1.13.1.jar
7f5b3f51d000-7f5b3f51f000 r--s 00008000 08:01 37926                      /usr/share/java/maven3-embedder-3.0.5.jar
7f5b3f51f000-7f5b3f521000 r--s 00006000 08:01 400819                     /usr/share/maven-repo/org/sonatype/aether/aether-connector-wagon/1.13.1/aether-connector-wagon-1.13.1.jar
7f5b3f521000-7f5b3f5f3000 rw-p 00000000 00:00 0 
7f5b3f5f3000-7f5b3f5f6000 ---p 00000000 00:00 0 
7f5b3f5f6000-7f5b3f6f8000 rw-p 00000000 00:00 0                          [stack:30993]
7f5b3f6f8000-7f5b3f6f9000 r--s 00001000 08:01 37728                      /usr/share/java/wagon-file-2.x.jar
7f5b3f6f9000-7f5b3f6fb000 r--s 0000a000 08:01 36730                      /usr/share/java/plexus-classworlds2-2.5.1.jar
7f5b3f6fb000-7f5b3f703000 rw-s 00000000 08:01 63030                      /tmp/hsperfdata_optical/30982
7f5b3f703000-7f5b3f704000 rw-p 00000000 00:00 0 
7f5b3f704000-7f5b3f705000 ---p 00000000 00:00 0 
7f5b3f705000-7f5b3f707000 rw-p 00000000 00:00 0 
7f5b3f707000-7f5b3f708000 r--p 00022000 08:01 149543                     /lib/x86_64-linux-gnu/ld-2.19.so
7f5b3f708000-7f5b3f709000 rw-p 00023000 08:01 149543                     /lib/x86_64-linux-gnu/ld-2.19.so
7f5b3f709000-7f5b3f70a000 rw-p 00000000 00:00 0 
7fff20961000-7fff20983000 rw-p 00000000 00:00 0                          [stack]
7fff209fc000-7fff209fe000 r-xp 00000000 00:00 0                          [vdso]
7fff209fe000-7fff20a00000 r--p 00000000 00:00 0                          [vvar]
ffffffffff600000-ffffffffff601000 r-xp 00000000 00:00 0                  [vsyscall]

VM Arguments:
jvm_args: -Dclassworlds.conf=/usr/share/maven/bin/m2.conf -Dmaven.home=/usr/share/maven 
java_command: org.codehaus.plexus.classworlds.launcher.Launcher clean install -DskipTests -rf :onos-api
java_class_path (initial): /usr/share/maven/boot/plexus-classworlds-2.x.jar
Launcher Type: SUN_STANDARD

Environment Variables:
JAVA_HOME=/usr/lib/jvm/java-8-oracle
PATH=/usr/local/sbin:/usr/local/bin:/usr/sbin:/usr/bin:/sbin:/bin:/usr/games:/usr/local/games:/usr/lib/jvm/java-8-oracle/bin:/usr/lib/jvm/java-8-oracle/db/bin:/usr/lib/jvm/java-8-oracle/jre/bin:/home/optical/onos/tools/dev/bin:/home/optical/onos/tools/test/bin:/home/optical/onos/tools/test/scenarios/bin:/home/optical/onos/tools/build:/home/optical/Applications/apache-maven-3.3.9/bin:/home/mininet/apache-karaf-3.0.3/bin
SHELL=/bin/bash
DISPLAY=:0

Signal Handlers:
SIGSEGV: [libjvm.so+0xaad1e0], sa_mask[0]=11111111011111111101111111111110, sa_flags=SA_RESTART|SA_SIGINFO
SIGBUS: [libjvm.so+0xaad1e0], sa_mask[0]=11111111011111111101111111111110, sa_flags=SA_RESTART|SA_SIGINFO
SIGFPE: [libjvm.so+0x90b450], sa_mask[0]=11111111011111111101111111111110, sa_flags=SA_RESTART|SA_SIGINFO
SIGPIPE: [libjvm.so+0x90b450], sa_mask[0]=11111111011111111101111111111110, sa_flags=SA_RESTART|SA_SIGINFO
SIGXFSZ: [libjvm.so+0x90b450], sa_mask[0]=11111111011111111101111111111110, sa_flags=SA_RESTART|SA_SIGINFO
SIGILL: [libjvm.so+0x90b450], sa_mask[0]=11111111011111111101111111111110, sa_flags=SA_RESTART|SA_SIGINFO
SIGUSR1: SIG_DFL, sa_mask[0]=00000000000000000000000000000000, sa_flags=none
SIGUSR2: [libjvm.so+0x90ca90], sa_mask[0]=00000000000000000000000000000000, sa_flags=SA_RESTART|SA_SIGINFO
SIGHUP: [libjvm.so+0x90dde0], sa_mask[0]=11111111011111111101111111111110, sa_flags=SA_RESTART|SA_SIGINFO
SIGINT: [libjvm.so+0x90dde0], sa_mask[0]=11111111011111111101111111111110, sa_flags=SA_RESTART|SA_SIGINFO
SIGTERM: [libjvm.so+0x90dde0], sa_mask[0]=11111111011111111101111111111110, sa_flags=SA_RESTART|SA_SIGINFO
SIGQUIT: [libjvm.so+0x90dde0], sa_mask[0]=11111111011111111101111111111110, sa_flags=SA_RESTART|SA_SIGINFO


---------------  S Y S T E M  ---------------

OS:DISTRIB_ID=Ubuntu
DISTRIB_RELEASE=14.10
DISTRIB_CODENAME=utopic
DISTRIB_DESCRIPTION="Ubuntu 14.10"

uname:Linux 3.16.0-23-generic #31-Ubuntu SMP Tue Oct 21 17:56:17 UTC 2014 x86_64
libc:glibc 2.19 NPTL 2.19 
rlimit: STACK 8192k, CORE 0k, NPROC 15724, NOFILE 4096, AS infinity
load average:2.50 1.70 1.17

/proc/meminfo:
MemTotal:        4047860 kB
MemFree:          112628 kB
MemAvailable:      47248 kB
Buffers:              76 kB
Cached:            77432 kB
SwapCached:            0 kB
Active:          3668836 kB
Inactive:          68188 kB
Active(anon):    3666588 kB
Inactive(anon):    65724 kB
Active(file):       2248 kB
Inactive(file):     2464 kB
Unevictable:       41020 kB
Mlocked:           41020 kB
SwapTotal:             0 kB
SwapFree:              0 kB
Dirty:               208 kB
Writeback:             0 kB
AnonPages:       3700608 kB
Mapped:            75224 kB
Shmem:             66236 kB
Slab:              58844 kB
SReclaimable:      33472 kB
SUnreclaim:        25372 kB
KernelStack:       12400 kB
PageTables:        31544 kB
NFS_Unstable:          0 kB
Bounce:                0 kB
WritebackTmp:          0 kB
CommitLimit:     2023928 kB
Committed_AS:    5769564 kB
VmallocTotal:   34359738367 kB
VmallocUsed:       57124 kB
VmallocChunk:   34359650760 kB
HardwareCorrupted:     0 kB
AnonHugePages:   1681408 kB
HugePages_Total:       0
HugePages_Free:        0
HugePages_Rsvd:        0
HugePages_Surp:        0
Hugepagesize:       2048 kB
DirectMap4k:       47040 kB
DirectMap2M:     4147200 kB


CPU:total 1 (1 cores per cpu, 1 threads per core) family 6 model 69 stepping 1, cmov, cx8, fxsr, mmx, sse, sse2, sse3, ssse3, sse4.1, sse4.2, popcnt, avx, aes, clmul, lzcnt, tsc, tscinvbit

/proc/cpuinfo:
processor	: 0
vendor_id	: GenuineIntel
cpu family	: 6
model		: 69
model name	: Intel(R) Core(TM) i5-4310U CPU @ 2.00GHz
stepping	: 1
cpu MHz		: 2593.996
cache size	: 3072 KB
physical id	: 0
siblings	: 1
core id		: 0
cpu cores	: 1
apicid		: 0
initial apicid	: 0
fpu		: yes
fpu_exception	: yes
cpuid level	: 13
wp		: yes
flags		: fpu vme de pse tsc msr pae mce cx8 apic sep mtrr pge mca cmov pat pse36 clflush mmx fxsr sse sse2 syscall nx rdtscp lm constant_tsc rep_good nopl xtopology nonstop_tsc pni pclmulqdq monitor ssse3 cx16 sse4_1 sse4_2 x2apic movbe popcnt aes xsave avx rdrand hypervisor lahf_lm abm
bogomips	: 5187.99
clflush size	: 64
cache_alignment	: 64
address sizes	: 39 bits physical, 48 bits virtual
power management:



Memory: 4k page, physical 4047860k(113252k free), swap 0k(0k free)

vm_info: Java HotSpot(TM) 64-Bit Server VM (25.45-b02) for linux-amd64 JRE (1.8.0_45-b14), built on Apr 10 2015 10:07:45 by "java_re" with gcc 4.3.0 20080428 (Red Hat 4.3.0-8)

time: Tue Feb 28 06:52:36 2017
elapsed time: 175 seconds (0d 0h 2m 55s)

